###############################################################################
#
# IAR ANSI C/C++ Compiler V7.40.2.8542/W32 for ARM        20/Nov/2015  05:04:43
# Copyright 1999-2015 IAR Systems AB.
#
#    Cpu mode     =  thumb
#    Endian       =  little
#    Source file  =  
#        E:\ACQ\Proj_ver09a_15102015\End_02\2013_11_25_Spirit1_Elektrolux\SPIRIT1_Library_Project\SPIRIT1_Library\Source\src\SPIRIT_PktMbus.c
#    Command line =  
#        E:\ACQ\Proj_ver09a_15102015\End_02\2013_11_25_Spirit1_Elektrolux\SPIRIT1_Library_Project\SPIRIT1_Library\Source\src\SPIRIT_PktMbus.c
#        -D USE_STDPERIPH_DRIVER -D VECT_TAB_FLASH -D STM32L1XX_MD -D
#        IAR_ARM_CM3 -D USE_FULL_ASSERT -D SPIRIT_USE_FULL_ASSERT -D
#        USE_SYSTICK_DELAY -D SDK -lC
#        E:\ACQ\Proj_ver09a_15102015\End_02\2013_11_25_Spirit1_Elektrolux\SPIRIT1_Library_Project\EWARM\DZ-SB-DISC01\List\
#        -o
#        E:\ACQ\Proj_ver09a_15102015\End_02\2013_11_25_Spirit1_Elektrolux\SPIRIT1_Library_Project\EWARM\DZ-SB-DISC01\Obj\
#        --no_cse --no_unroll --no_inline --no_code_motion --no_tbaa
#        --no_clustering --no_scheduling --debug --endian=little
#        --cpu=Cortex-M3 -e --fpu=None --dlib_config "C:\Program Files
#        (x86)\IAR Systems\Embedded Workbench
#        7.2\arm\INC\c\DLib_Config_Normal.h" -I
#        E:\ACQ\Proj_ver09a_15102015\End_02\2013_11_25_Spirit1_Elektrolux\SPIRIT1_Library_Project\EWARM\.\
#        -I
#        E:\ACQ\Proj_ver09a_15102015\End_02\2013_11_25_Spirit1_Elektrolux\SPIRIT1_Library_Project\EWARM\..\Application\
#        -I
#        E:\ACQ\Proj_ver09a_15102015\End_02\2013_11_25_Spirit1_Elektrolux\SPIRIT1_Library_Project\EWARM\..\Application\examples\
#        -I
#        E:\ACQ\Proj_ver09a_15102015\End_02\2013_11_25_Spirit1_Elektrolux\SPIRIT1_Library_Project\EWARM\..\Application\runtime\
#        -I
#        E:\ACQ\Proj_ver09a_15102015\End_02\2013_11_25_Spirit1_Elektrolux\SPIRIT1_Library_Project\EWARM\..\..\STM32L\SDK_Eval_STM32L\Source\inc\
#        -I
#        E:\ACQ\Proj_ver09a_15102015\End_02\2013_11_25_Spirit1_Elektrolux\SPIRIT1_Library_Project\EWARM\..\SPIRIT1_Library\Source\inc\
#        -I
#        E:\ACQ\Proj_ver09a_15102015\End_02\2013_11_25_Spirit1_Elektrolux\SPIRIT1_Library_Project\EWARM\..\SDK_Eval_Util\Source\inc\
#        -I
#        E:\ACQ\Proj_ver09a_15102015\End_02\2013_11_25_Spirit1_Elektrolux\SPIRIT1_Library_Project\EWARM\..\..\STM32L\STM32L1xx_StdPeriph_Lib\Source\CMSIS\CM3\DeviceSupport\ST\STM32L1xx\
#        -I
#        E:\ACQ\Proj_ver09a_15102015\End_02\2013_11_25_Spirit1_Elektrolux\SPIRIT1_Library_Project\EWARM\..\..\STM32L\STM32L1xx_StdPeriph_Lib\Source\STM32L1xx_StdPeriph_Driver\inc\
#        -I
#        E:\ACQ\Proj_ver09a_15102015\End_02\2013_11_25_Spirit1_Elektrolux\SPIRIT1_Library_Project\EWARM\..\..\STM32L\SDK_Virtual_Com\Source\inc\
#        -I
#        E:\ACQ\Proj_ver09a_15102015\End_02\2013_11_25_Spirit1_Elektrolux\SPIRIT1_Library_Project\EWARM\..\..\STM32L\STM32_USB-FS-Device_Lib\Source\inc\
#        -I
#        E:\ACQ\Proj_ver09a_15102015\End_02\2013_11_25_Spirit1_Elektrolux\SPIRIT1_Library_Project\EWARM\..\ACQ\
#        -On --use_c++_inline -I "C:\Program Files (x86)\IAR Systems\Embedded
#        Workbench 7.2\arm\CMSIS\Include\"
#    List file    =  
#        E:\ACQ\Proj_ver09a_15102015\End_02\2013_11_25_Spirit1_Elektrolux\SPIRIT1_Library_Project\EWARM\DZ-SB-DISC01\List\SPIRIT_PktMbus.lst
#    Object file  =  
#        E:\ACQ\Proj_ver09a_15102015\End_02\2013_11_25_Spirit1_Elektrolux\SPIRIT1_Library_Project\EWARM\DZ-SB-DISC01\Obj\SPIRIT_PktMbus.o
#
###############################################################################

E:\ACQ\Proj_ver09a_15102015\End_02\2013_11_25_Spirit1_Elektrolux\SPIRIT1_Library_Project\SPIRIT1_Library\Source\src\SPIRIT_PktMbus.c
      1          /**
      2           * @file    SPIRIT_PktMbus.c
      3           * @author  High End Analog & RF BU - AMS / ART Team IMS-Systems Lab
      4           * @version V3.0.1
      5           * @date    November 19, 2012
      6           * @brief   Configuration and management of SPIRIT MBUS packets.
      7           * @details
      8           *
      9           * THE PRESENT FIRMWARE WHICH IS FOR GUIDANCE ONLY AIMS AT PROVIDING CUSTOMERS
     10           * WITH CODING INFORMATION REGARDING THEIR PRODUCTS IN ORDER FOR THEM TO SAVE
     11           * TIME. AS A RESULT, STMICROELECTRONICS SHALL NOT BE HELD LIABLE FOR ANY
     12           * DIRECT, INDIRECT OR CONSEQUENTIAL DAMAGES WITH RESPECT TO ANY CLAIMS ARISING
     13           * FROM THE CONTENT OF SUCH FIRMWARE AND/OR THE USE MADE BY CUSTOMERS OF THE
     14           * CODING INFORMATION CONTAINED HEREIN IN CONNECTION WITH THEIR PRODUCTS.
     15           *
     16           * THIS SOURCE CODE IS PROTECTED BY A LICENSE.
     17           * FOR MORE INFORMATION PLEASE CAREFULLY READ THE LICENSE AGREEMENT FILE LOCATED
     18           * IN THE ROOT DIRECTORY OF THIS FIRMWARE PACKAGE.
     19           *
     20           * <h2><center>&copy; COPYRIGHT 2012 STMicroelectronics</center></h2>
     21           */
     22          
     23          
     24          
     25          /* Includes ------------------------------------------------------------------*/
     26          #include "SPIRIT_PktMbus.h"
     27          #include "MCU_Interface.h"
     28          
     29          /**
     30           * @addtogroup SPIRIT_Libraries
     31           * @{
     32           */
     33          
     34          
     35          /**
     36           * @addtogroup SPIRIT_PktMbus
     37           * @{
     38           */
     39          
     40          
     41          /**
     42           * @defgroup PktMbus_Private_TypesDefinitions           Pkt MBUS Private Types Definitions
     43           * @{
     44           */
     45          
     46          /**
     47           *@}
     48           */
     49          
     50          
     51          /**
     52           * @defgroup PktMbus_Private_Defines                    Pkt MBUS Private Defines
     53           * @{
     54           */
     55          
     56          /**
     57           *@}
     58           */
     59          
     60          
     61          /**
     62           * @defgroup PktMbus_Private_Macros                     Pkt MBUS Private Macros
     63           * @{
     64           */
     65          
     66          /**
     67           *@}
     68           */
     69          
     70          
     71          /**
     72           * @defgroup PktMbus_Private_Variables                  Pkt MBUS Private Variables
     73           * @{
     74           */
     75          
     76          /**
     77           *@}
     78           */
     79          
     80          
     81          /**
     82           * @defgroup PktMbus_Private_FunctionPrototypes         Pkt MBUS Private Function Prototypes
     83           * @{
     84           */
     85          
     86          /**
     87           *@}
     88           */
     89          
     90          
     91          /**
     92           * @defgroup PktMbus_Private_Functions                  Pkt MBUS Private Functions
     93           * @{
     94           */
     95          
     96          
     97          /**
     98           * @brief  Initializes the SPIRIT MBUS packet according to the specified parameters in the PktMbusInit struct.
     99           * @param  pxPktMbusInit pointer to a PktMbusInit structure that contains the configuration information for the specified SPIRIT MBUS PACKET FORMAT.
    100           *         This parameter is a pointer to @ref PktMbusInit.
    101           * @retval None.
    102           */

   \                                 In section .text, align 2, keep-with-next
    103          void SpiritPktMbusInit(PktMbusInit* pxPktMbusInit)
    104          {
   \                     SpiritPktMbusInit: (+1)
   \   00000000   0xB51C             PUSH     {R2-R4,LR}
   \   00000002   0x0004             MOVS     R4,R0
    105            uint8_t tempRegValue[3];
    106          
    107            /* Check the parameters */
    108            s_assert_param(IS_MBUS_SUBMODE(pxPktMbusInit->xMbusSubmode));
   \   00000004   0x7820             LDRB     R0,[R4, #+0]
   \   00000006   0x2800             CMP      R0,#+0
   \   00000008   0xD00C             BEQ.N    ??SpiritPktMbusInit_0
   \   0000000A   0x7820             LDRB     R0,[R4, #+0]
   \   0000000C   0x2802             CMP      R0,#+2
   \   0000000E   0xD009             BEQ.N    ??SpiritPktMbusInit_0
   \   00000010   0x7820             LDRB     R0,[R4, #+0]
   \   00000012   0x2806             CMP      R0,#+6
   \   00000014   0xD006             BEQ.N    ??SpiritPktMbusInit_0
   \   00000016   0x7820             LDRB     R0,[R4, #+0]
   \   00000018   0x280A             CMP      R0,#+10
   \   0000001A   0xD003             BEQ.N    ??SpiritPktMbusInit_0
   \   0000001C   0x216C             MOVS     R1,#+108
   \   0000001E   0x....             LDR.N    R0,??DataTable10
   \   00000020   0x.... 0x....      BL       s_assert_failed
    109          
    110            /* Packet format config */
    111            SpiritPktMbusSetFormat();
   \                     ??SpiritPktMbusInit_0: (+1)
   \   00000024   0x.... 0x....      BL       SpiritPktMbusSetFormat
    112          
    113            /* Preamble, postamble and submode config */
    114            tempRegValue[0] = pxPktMbusInit->cPreambleLength;
   \   00000028   0x7860             LDRB     R0,[R4, #+1]
   \   0000002A   0xF88D 0x0000      STRB     R0,[SP, #+0]
    115            tempRegValue[1] = pxPktMbusInit->cPostambleLength;
   \   0000002E   0x78A0             LDRB     R0,[R4, #+2]
   \   00000030   0xF88D 0x0001      STRB     R0,[SP, #+1]
    116            tempRegValue[2] = (uint8_t) pxPktMbusInit->xMbusSubmode;
   \   00000034   0x7820             LDRB     R0,[R4, #+0]
   \   00000036   0xF88D 0x0002      STRB     R0,[SP, #+2]
    117          
    118            /* Writes the new values on the MBUS_PRMBL registers */
    119            g_xStatus = SpiritSpiWriteRegisters(MBUS_PRMBL_BASE, 3, tempRegValue);
   \   0000003A   0xAA00             ADD      R2,SP,#+0
   \   0000003C   0x2103             MOVS     R1,#+3
   \   0000003E   0x203B             MOVS     R0,#+59
   \   00000040   0x.... 0x....      BL       SdkEvalSpiWriteRegisters
   \   00000044   0x9001             STR      R0,[SP, #+4]
   \   00000046   0x....             LDR.N    R0,??DataTable10_1
   \   00000048   0xF8BD 0x1004      LDRH     R1,[SP, #+4]
   \   0000004C   0x8001             STRH     R1,[R0, #+0]
    120          
    121          }
   \   0000004E   0xBD13             POP      {R0,R1,R4,PC}    ;; return
    122          
    123          /**
    124           * @brief  Returns the SPIRIT MBUS packet structure according to the specified parameters in the registers.
    125           * @param  pxPktMbusInit MBUS packet init structure.
    126           *         This parameter is a pointer to @ref PktMbusInit.
    127           * @retval None.
    128           */

   \                                 In section .text, align 2, keep-with-next
    129          void SpiritPktMbusGetInfo(PktMbusInit* pxPktMbusInit)
    130          {
   \                     SpiritPktMbusGetInfo: (+1)
   \   00000000   0xB51C             PUSH     {R2-R4,LR}
   \   00000002   0x0004             MOVS     R4,R0
    131            uint8_t tempRegValue[3];
    132          
    133            /* Reads the MBUS regs value */
    134            g_xStatus = SpiritSpiReadRegisters(MBUS_PRMBL_BASE, 3, tempRegValue);
   \   00000004   0xAA00             ADD      R2,SP,#+0
   \   00000006   0x2103             MOVS     R1,#+3
   \   00000008   0x203B             MOVS     R0,#+59
   \   0000000A   0x.... 0x....      BL       SdkEvalSpiReadRegisters
   \   0000000E   0x9001             STR      R0,[SP, #+4]
   \   00000010   0x....             LDR.N    R0,??DataTable10_1
   \   00000012   0xF8BD 0x1004      LDRH     R1,[SP, #+4]
   \   00000016   0x8001             STRH     R1,[R0, #+0]
    135          
    136            /* Fit the structure */
    137            pxPktMbusInit->cPreambleLength = tempRegValue[0];
   \   00000018   0xF89D 0x0000      LDRB     R0,[SP, #+0]
   \   0000001C   0x7060             STRB     R0,[R4, #+1]
    138            pxPktMbusInit->cPostambleLength = tempRegValue[1];
   \   0000001E   0xF89D 0x0001      LDRB     R0,[SP, #+1]
   \   00000022   0x70A0             STRB     R0,[R4, #+2]
    139            pxPktMbusInit->xMbusSubmode = (MbusSubmode) (tempRegValue[2]&0x0E);
   \   00000024   0xF89D 0x0002      LDRB     R0,[SP, #+2]
   \   00000028   0xF010 0x000E      ANDS     R0,R0,#0xE
   \   0000002C   0x7020             STRB     R0,[R4, #+0]
    140          
    141          }
   \   0000002E   0xBD13             POP      {R0,R1,R4,PC}    ;; return
    142          
    143          
    144          /**
    145           * @brief  Configures the MBUS packet format as the one used by SPIRIT.
    146           * @param  None.
    147           * @retval None.
    148           */

   \                                 In section .text, align 2, keep-with-next
    149          void SpiritPktMbusSetFormat(void)
    150          {
   \                     SpiritPktMbusSetFormat: (+1)
   \   00000000   0xB500             PUSH     {LR}
   \   00000002   0xB083             SUB      SP,SP,#+12
    151            uint8_t tempRegValue;
    152          
    153            /* Reads the PCKTCTRL3 register value */
    154            g_xStatus = SpiritSpiReadRegisters(PCKTCTRL3_BASE, 1, &tempRegValue);
   \   00000004   0xAA00             ADD      R2,SP,#+0
   \   00000006   0x2101             MOVS     R1,#+1
   \   00000008   0x2031             MOVS     R0,#+49
   \   0000000A   0x.... 0x....      BL       SdkEvalSpiReadRegisters
   \   0000000E   0x9001             STR      R0,[SP, #+4]
   \   00000010   0x....             LDR.N    R0,??DataTable10_1
   \   00000012   0xF8BD 0x1004      LDRH     R1,[SP, #+4]
   \   00000016   0x8001             STRH     R1,[R0, #+0]
    155          
    156            /* Sets format bits. Also set to 0 the direct RX mode bits */
    157            tempRegValue &= 0x0F;
   \   00000018   0xF89D 0x0000      LDRB     R0,[SP, #+0]
   \   0000001C   0xF010 0x000F      ANDS     R0,R0,#0xF
   \   00000020   0xF88D 0x0000      STRB     R0,[SP, #+0]
    158            tempRegValue |= ((uint8_t)PCKTCTRL3_PCKT_FRMT_MBUS);
   \   00000024   0xF89D 0x0000      LDRB     R0,[SP, #+0]
   \   00000028   0xF050 0x0080      ORRS     R0,R0,#0x80
   \   0000002C   0xF88D 0x0000      STRB     R0,[SP, #+0]
    159          
    160            /* Writes value on the PCKTCTRL3 register */
    161            g_xStatus = SpiritSpiWriteRegisters(PCKTCTRL3_BASE, 1, &tempRegValue);
   \   00000030   0xAA00             ADD      R2,SP,#+0
   \   00000032   0x2101             MOVS     R1,#+1
   \   00000034   0x2031             MOVS     R0,#+49
   \   00000036   0x.... 0x....      BL       SdkEvalSpiWriteRegisters
   \   0000003A   0x9001             STR      R0,[SP, #+4]
   \   0000003C   0x....             LDR.N    R0,??DataTable10_1
   \   0000003E   0xF8BD 0x1004      LDRH     R1,[SP, #+4]
   \   00000042   0x8001             STRH     R1,[R0, #+0]
    162          
    163            /* Reads the PCKTCTRL1 register value */
    164            g_xStatus = SpiritSpiReadRegisters(PCKTCTRL1_BASE, 1, &tempRegValue);
   \   00000044   0xAA00             ADD      R2,SP,#+0
   \   00000046   0x2101             MOVS     R1,#+1
   \   00000048   0x2033             MOVS     R0,#+51
   \   0000004A   0x.... 0x....      BL       SdkEvalSpiReadRegisters
   \   0000004E   0x9001             STR      R0,[SP, #+4]
   \   00000050   0x....             LDR.N    R0,??DataTable10_1
   \   00000052   0xF8BD 0x1004      LDRH     R1,[SP, #+4]
   \   00000056   0x8001             STRH     R1,[R0, #+0]
    165          
    166            /* Build the new value. Set to 0 the direct TX mode bits */
    167            tempRegValue &= 0xF3;
   \   00000058   0xF89D 0x0000      LDRB     R0,[SP, #+0]
   \   0000005C   0xF010 0x00F3      ANDS     R0,R0,#0xF3
   \   00000060   0xF88D 0x0000      STRB     R0,[SP, #+0]
    168          
    169            /* Writes the value on the PCKTCTRL1 register */
    170            g_xStatus = SpiritSpiWriteRegisters(PCKTCTRL1_BASE, 1, &tempRegValue);
   \   00000064   0xAA00             ADD      R2,SP,#+0
   \   00000066   0x2101             MOVS     R1,#+1
   \   00000068   0x2033             MOVS     R0,#+51
   \   0000006A   0x.... 0x....      BL       SdkEvalSpiWriteRegisters
   \   0000006E   0x9001             STR      R0,[SP, #+4]
   \   00000070   0x....             LDR.N    R0,??DataTable10_1
   \   00000072   0xF8BD 0x1004      LDRH     R1,[SP, #+4]
   \   00000076   0x8001             STRH     R1,[R0, #+0]
    171          
    172            /* Reads the PROTOCOL1 register */
    173            g_xStatus = SpiritSpiReadRegisters(PROTOCOL1_BASE, 1, &tempRegValue);
   \   00000078   0xAA00             ADD      R2,SP,#+0
   \   0000007A   0x2101             MOVS     R1,#+1
   \   0000007C   0x2051             MOVS     R0,#+81
   \   0000007E   0x.... 0x....      BL       SdkEvalSpiReadRegisters
   \   00000082   0x9001             STR      R0,[SP, #+4]
   \   00000084   0x....             LDR.N    R0,??DataTable10_1
   \   00000086   0xF8BD 0x1004      LDRH     R1,[SP, #+4]
   \   0000008A   0x8001             STRH     R1,[R0, #+0]
    174          
    175            /* Mask a reserved bit */
    176            tempRegValue &= ~0x20;
   \   0000008C   0xF89D 0x0000      LDRB     R0,[SP, #+0]
   \   00000090   0xF010 0x00DF      ANDS     R0,R0,#0xDF
   \   00000094   0xF88D 0x0000      STRB     R0,[SP, #+0]
    177          
    178            /* Writes the value on the PROTOCOL1 register */
    179            g_xStatus = SpiritSpiWriteRegisters(PROTOCOL1_BASE, 1, &tempRegValue);
   \   00000098   0xAA00             ADD      R2,SP,#+0
   \   0000009A   0x2101             MOVS     R1,#+1
   \   0000009C   0x2051             MOVS     R0,#+81
   \   0000009E   0x.... 0x....      BL       SdkEvalSpiWriteRegisters
   \   000000A2   0x9001             STR      R0,[SP, #+4]
   \   000000A4   0x....             LDR.N    R0,??DataTable10_1
   \   000000A6   0xF8BD 0x1004      LDRH     R1,[SP, #+4]
   \   000000AA   0x8001             STRH     R1,[R0, #+0]
    180          
    181          }
   \   000000AC   0xBD07             POP      {R0-R2,PC}       ;; return
    182          
    183          
    184          /**
    185           * @brief  Sets how many chip sequence “01” shall be added in the preamble
    186           *         respect to the minimum value as defined according to the specified sub-mode.
    187           * @param  cPreamble the number of chip sequence.
    188           *         This parameter is an uint8_t.
    189           * @retval None.
    190           */

   \                                 In section .text, align 2, keep-with-next
    191          void SpiritPktMbusSetPreamble(uint8_t cPreamble)
    192          {
   \                     SpiritPktMbusSetPreamble: (+1)
   \   00000000   0xB501             PUSH     {R0,LR}
   \   00000002   0xB082             SUB      SP,SP,#+8
    193            /* Modifies the MBUS_PRMBL register value */
    194            g_xStatus = SpiritSpiWriteRegisters(MBUS_PRMBL_BASE, 1, &cPreamble);
   \   00000004   0xAA02             ADD      R2,SP,#+8
   \   00000006   0x2101             MOVS     R1,#+1
   \   00000008   0x203B             MOVS     R0,#+59
   \   0000000A   0x.... 0x....      BL       SdkEvalSpiWriteRegisters
   \   0000000E   0x9000             STR      R0,[SP, #+0]
   \   00000010   0x....             LDR.N    R0,??DataTable10_1
   \   00000012   0xF8BD 0x1000      LDRH     R1,[SP, #+0]
   \   00000016   0x8001             STRH     R1,[R0, #+0]
    195          
    196          }
   \   00000018   0xBD07             POP      {R0-R2,PC}       ;; return
    197          
    198          
    199          /**
    200           * @brief  Returns how many chip sequence "01" are added in the preamble
    201           *         respect to the minimum value as defined according to the specified sub-mode.
    202           * @param  None.
    203           * @retval uint8_t Preable in number of "01" chip sequences.
    204           */

   \                                 In section .text, align 2, keep-with-next
    205          uint8_t SpiritPktMbusGetPreamble(void)
    206          {
   \                     SpiritPktMbusGetPreamble: (+1)
   \   00000000   0xB500             PUSH     {LR}
   \   00000002   0xB083             SUB      SP,SP,#+12
    207            uint8_t tempRegValue;
    208          
    209            /* Modifies the MBUS_PRMBL register value */
    210            g_xStatus = SpiritSpiReadRegisters(MBUS_PRMBL_BASE, 1, &tempRegValue);
   \   00000004   0xAA00             ADD      R2,SP,#+0
   \   00000006   0x2101             MOVS     R1,#+1
   \   00000008   0x203B             MOVS     R0,#+59
   \   0000000A   0x.... 0x....      BL       SdkEvalSpiReadRegisters
   \   0000000E   0x9001             STR      R0,[SP, #+4]
   \   00000010   0x....             LDR.N    R0,??DataTable10_1
   \   00000012   0xF8BD 0x1004      LDRH     R1,[SP, #+4]
   \   00000016   0x8001             STRH     R1,[R0, #+0]
    211          
    212            /* Return value */
    213            return tempRegValue;
   \   00000018   0xF89D 0x0000      LDRB     R0,[SP, #+0]
   \   0000001C   0xBD0E             POP      {R1-R3,PC}       ;; return
    214          
    215          }
    216          
    217          
    218          /**
    219           * @brief  Sets how many chip sequence “01” will be used in postamble
    220           * @param  cPostamble the number of chip sequence.
    221           *         This parameter is an uint8_t.
    222           * @retval None.
    223           */

   \                                 In section .text, align 2, keep-with-next
    224          void SpiritPktMbusSetPostamble(uint8_t cPostamble)
    225          {
   \                     SpiritPktMbusSetPostamble: (+1)
   \   00000000   0xB501             PUSH     {R0,LR}
   \   00000002   0xB082             SUB      SP,SP,#+8
    226            /* Modifies the MBUS_PSTMBL register value */
    227            g_xStatus = SpiritSpiWriteRegisters(MBUS_PSTMBL_BASE, 1, &cPostamble);
   \   00000004   0xAA02             ADD      R2,SP,#+8
   \   00000006   0x2101             MOVS     R1,#+1
   \   00000008   0x203C             MOVS     R0,#+60
   \   0000000A   0x.... 0x....      BL       SdkEvalSpiWriteRegisters
   \   0000000E   0x9000             STR      R0,[SP, #+0]
   \   00000010   0x....             LDR.N    R0,??DataTable10_1
   \   00000012   0xF8BD 0x1000      LDRH     R1,[SP, #+0]
   \   00000016   0x8001             STRH     R1,[R0, #+0]
    228          
    229          }
   \   00000018   0xBD07             POP      {R0-R2,PC}       ;; return
    230          
    231          
    232          /**
    233           * @brief  Returns how many chip sequence "01" are used in the postamble
    234           * @param  None.
    235           * @retval uint8_t Postamble in number of "01" chip sequences.
    236           */

   \                                 In section .text, align 2, keep-with-next
    237          uint8_t SpiritPktMbusGetPostamble(void)
    238          {
   \                     SpiritPktMbusGetPostamble: (+1)
   \   00000000   0xB500             PUSH     {LR}
   \   00000002   0xB083             SUB      SP,SP,#+12
    239            uint8_t tempRegValue;
    240          
    241            /* Reads the MBUS_PSTMBL register */
    242            g_xStatus = SpiritSpiReadRegisters(MBUS_PSTMBL_BASE, 1, &tempRegValue);
   \   00000004   0xAA00             ADD      R2,SP,#+0
   \   00000006   0x2101             MOVS     R1,#+1
   \   00000008   0x203C             MOVS     R0,#+60
   \   0000000A   0x.... 0x....      BL       SdkEvalSpiReadRegisters
   \   0000000E   0x9001             STR      R0,[SP, #+4]
   \   00000010   0x....             LDR.N    R0,??DataTable10_1
   \   00000012   0xF8BD 0x1004      LDRH     R1,[SP, #+4]
   \   00000016   0x8001             STRH     R1,[R0, #+0]
    243          
    244            /* Returns value */
    245            return tempRegValue;
   \   00000018   0xF89D 0x0000      LDRB     R0,[SP, #+0]
   \   0000001C   0xBD0E             POP      {R1-R3,PC}       ;; return
    246          
    247          }
    248          
    249          
    250          /**
    251           * @brief  Sets the MBUS submode used.
    252           * @param  xMbusSubmode the submode used.
    253           *         This parameter can be any value of @ref MbusSubmode.
    254           * @retval None.
    255           */

   \                                 In section .text, align 2, keep-with-next
    256          void SpiritPktMbusSetSubmode(MbusSubmode xMbusSubmode)
    257          {
   \                     SpiritPktMbusSetSubmode: (+1)
   \   00000000   0xB510             PUSH     {R4,LR}
   \   00000002   0xB082             SUB      SP,SP,#+8
   \   00000004   0x0004             MOVS     R4,R0
    258            /* Modifies the MBUS_CTRL register value */
    259            g_xStatus = SpiritSpiWriteRegisters(MBUS_CTRL_BASE, 1, (uint8_t*)xMbusSubmode);
   \   00000006   0xB2E4             UXTB     R4,R4            ;; ZeroExt  R4,R4,#+24,#+24
   \   00000008   0x0022             MOVS     R2,R4
   \   0000000A   0x2101             MOVS     R1,#+1
   \   0000000C   0x203D             MOVS     R0,#+61
   \   0000000E   0x.... 0x....      BL       SdkEvalSpiWriteRegisters
   \   00000012   0x9000             STR      R0,[SP, #+0]
   \   00000014   0x....             LDR.N    R0,??DataTable10_1
   \   00000016   0xF8BD 0x1000      LDRH     R1,[SP, #+0]
   \   0000001A   0x8001             STRH     R1,[R0, #+0]
    260          
    261          }
   \   0000001C   0xBD13             POP      {R0,R1,R4,PC}    ;; return
    262          
    263          
    264          /**
    265           * @brief  Returns the MBUS submode used.
    266           * @param  None.
    267           * @retval MbusSubmode MBUS submode.
    268           */

   \                                 In section .text, align 2, keep-with-next
    269          MbusSubmode SpiritPktMbusGetSubmode(void)
    270          {
   \                     SpiritPktMbusGetSubmode: (+1)
   \   00000000   0xB500             PUSH     {LR}
   \   00000002   0xB083             SUB      SP,SP,#+12
    271            uint8_t tempRegValue;
    272          
    273            /* Reads the MBUS_CTRL register value */
    274            g_xStatus = SpiritSpiReadRegisters(MBUS_CTRL_BASE, 1, &tempRegValue);
   \   00000004   0xAA00             ADD      R2,SP,#+0
   \   00000006   0x2101             MOVS     R1,#+1
   \   00000008   0x203D             MOVS     R0,#+61
   \   0000000A   0x.... 0x....      BL       SdkEvalSpiReadRegisters
   \   0000000E   0x9001             STR      R0,[SP, #+4]
   \   00000010   0x....             LDR.N    R0,??DataTable10_1
   \   00000012   0xF8BD 0x1004      LDRH     R1,[SP, #+4]
   \   00000016   0x8001             STRH     R1,[R0, #+0]
    275          
    276            /* Returns value */
    277            return (MbusSubmode) tempRegValue;
   \   00000018   0xF89D 0x0000      LDRB     R0,[SP, #+0]
   \   0000001C   0xBD0E             POP      {R1-R3,PC}       ;; return
    278          
    279          }
    280          
    281          
    282          /**
    283           * @brief  Sets the payload length for SPIRIT MBUS packets.
    284           * @param  nPayloadLength payload length in bytes.
    285           *         This parameter is an uint16_t.
    286           * @retval None.
    287           */

   \                                 In section .text, align 2, keep-with-next
    288          void SpiritPktMbusSetPayloadLength(uint16_t nPayloadLength)
    289          {
   \                     SpiritPktMbusSetPayloadLength: (+1)
   \   00000000   0xB51C             PUSH     {R2-R4,LR}
   \   00000002   0x0004             MOVS     R4,R0
    290            uint8_t tempRegValue[2];
    291          
    292            /* Computes PCKTLEN0 value from nPayloadLength */
    293            tempRegValue[1]=BUILD_PCKTLEN0(nPayloadLength);//(uint8_t)nPayloadLength;
   \   00000004   0x0020             MOVS     R0,R4
   \   00000006   0xF88D 0x0001      STRB     R0,[SP, #+1]
    294            /* Computes PCKTLEN1 value from nPayloadLength */
    295            tempRegValue[0]=BUILD_PCKTLEN1(nPayloadLength);//(uint8_t)(nPayloadLength>>8);
   \   0000000A   0xB2A4             UXTH     R4,R4            ;; ZeroExt  R4,R4,#+16,#+16
   \   0000000C   0x0A20             LSRS     R0,R4,#+8
   \   0000000E   0xF88D 0x0000      STRB     R0,[SP, #+0]
    296          
    297            /* Writes data on the PCKTLEN1/0 register */
    298            g_xStatus = SpiritSpiWriteRegisters(PCKTLEN1_BASE, 2, tempRegValue);
   \   00000012   0xAA00             ADD      R2,SP,#+0
   \   00000014   0x2102             MOVS     R1,#+2
   \   00000016   0x2034             MOVS     R0,#+52
   \   00000018   0x.... 0x....      BL       SdkEvalSpiWriteRegisters
   \   0000001C   0x9001             STR      R0,[SP, #+4]
   \   0000001E   0x....             LDR.N    R0,??DataTable10_1
   \   00000020   0xF8BD 0x1004      LDRH     R1,[SP, #+4]
   \   00000024   0x8001             STRH     R1,[R0, #+0]
    299          
    300          }
   \   00000026   0xBD13             POP      {R0,R1,R4,PC}    ;; return
    301          
    302          
    303          /**
    304           * @brief  Returns the payload length for SPIRIT MBUS packets.
    305           * @param  None.
    306           * @retval uint16_t Payload length in bytes.
    307           */

   \                                 In section .text, align 2, keep-with-next
    308          uint16_t SpiritPktMbusGetPayloadLength(void)
    309          {
   \                     SpiritPktMbusGetPayloadLength: (+1)
   \   00000000   0xB500             PUSH     {LR}
   \   00000002   0xB083             SUB      SP,SP,#+12
    310            uint8_t tempRegValue[2];
    311          
    312            /* Reads the packet length registers */
    313            g_xStatus = SpiritSpiReadRegisters(PCKTLEN1_BASE, 2, tempRegValue);
   \   00000004   0xAA00             ADD      R2,SP,#+0
   \   00000006   0x2102             MOVS     R1,#+2
   \   00000008   0x2034             MOVS     R0,#+52
   \   0000000A   0x.... 0x....      BL       SdkEvalSpiReadRegisters
   \   0000000E   0x9001             STR      R0,[SP, #+4]
   \   00000010   0x....             LDR.N    R0,??DataTable10_1
   \   00000012   0xF8BD 0x1004      LDRH     R1,[SP, #+4]
   \   00000016   0x8001             STRH     R1,[R0, #+0]
    314          
    315            /* Returns the packet length */
    316            return ((((uint16_t)tempRegValue[0])<<8) + (uint16_t) tempRegValue[1]);
   \   00000018   0xF89D 0x0000      LDRB     R0,[SP, #+0]
   \   0000001C   0xF89D 0x1001      LDRB     R1,[SP, #+1]
   \   00000020   0xEB11 0x2000      ADDS     R0,R1,R0, LSL #+8
   \   00000024   0xB280             UXTH     R0,R0            ;; ZeroExt  R0,R0,#+16,#+16
   \   00000026   0xBD0E             POP      {R1-R3,PC}       ;; return
    317          
    318          }

   \                                 In section .text, align 4, keep-with-next
   \                     ??DataTable10:
   \   00000000   0x........         DC32     ?_0

   \                                 In section .text, align 4, keep-with-next
   \                     ??DataTable10_1:
   \   00000000   0x........         DC32     g_xStatus

   \                                 In section .rodata, align 4
   \                     ?_0:
   \   00000000   0x45 0x3A          DC8 45H, 3AH, 5CH, 41H, 43H, 51H, 5CH, 50H
   \              0x5C 0x41    
   \              0x43 0x51    
   \              0x5C 0x50    
   \   00000008   0x72 0x6F          DC8 72H, 6FH, 6AH, 5FH, 76H, 65H, 72H, 30H
   \              0x6A 0x5F    
   \              0x76 0x65    
   \              0x72 0x30    
   \   00000010   0x39 0x61          DC8 39H, 61H, 5FH, 31H, 35H, 31H, 30H, 32H
   \              0x5F 0x31    
   \              0x35 0x31    
   \              0x30 0x32    
   \   00000018   0x30 0x31          DC8 30H, 31H, 35H, 5CH, 45H, 6EH, 64H, 5FH
   \              0x35 0x5C    
   \              0x45 0x6E    
   \              0x64 0x5F    
   \   00000020   0x30 0x32          DC8 30H, 32H, 5CH, 32H, 30H, 31H, 33H, 5FH
   \              0x5C 0x32    
   \              0x30 0x31    
   \              0x33 0x5F    
   \   00000028   0x31 0x31          DC8 31H, 31H, 5FH, 32H, 35H, 5FH, 53H, 70H
   \              0x5F 0x32    
   \              0x35 0x5F    
   \              0x53 0x70    
   \   00000030   0x69 0x72          DC8 69H, 72H, 69H, 74H, 31H, 5FH, 45H, 6CH
   \              0x69 0x74    
   \              0x31 0x5F    
   \              0x45 0x6C    
   \   00000038   0x65 0x6B          DC8 65H, 6BH, 74H, 72H, 6FH, 6CH, 75H, 78H
   \              0x74 0x72    
   \              0x6F 0x6C    
   \              0x75 0x78    
   \   00000040   0x5C 0x53          DC8 5CH, 53H, 50H, 49H, 52H, 49H, 54H, 31H
   \              0x50 0x49    
   \              0x52 0x49    
   \              0x54 0x31    
   \   00000048   0x5F 0x4C          DC8 5FH, 4CH, 69H, 62H, 72H, 61H, 72H, 79H
   \              0x69 0x62    
   \              0x72 0x61    
   \              0x72 0x79    
   \   00000050   0x5F 0x50          DC8 5FH, 50H, 72H, 6FH, 6AH, 65H, 63H, 74H
   \              0x72 0x6F    
   \              0x6A 0x65    
   \              0x63 0x74    
   \   00000058   0x5C 0x53          DC8 5CH, 53H, 50H, 49H, 52H, 49H, 54H, 31H
   \              0x50 0x49    
   \              0x52 0x49    
   \              0x54 0x31    
   \   00000060   0x5F 0x4C          DC8 5FH, 4CH, 69H, 62H, 72H, 61H, 72H, 79H
   \              0x69 0x62    
   \              0x72 0x61    
   \              0x72 0x79    
   \   00000068   0x5C 0x53          DC8 5CH, 53H, 6FH, 75H, 72H, 63H, 65H, 5CH
   \              0x6F 0x75    
   \              0x72 0x63    
   \              0x65 0x5C    
   \   00000070   0x73 0x72          DC8 73H, 72H, 63H, 5CH, 53H, 50H, 49H, 52H
   \              0x63 0x5C    
   \              0x53 0x50    
   \              0x49 0x52    
   \   00000078   0x49 0x54          DC8 49H, 54H, 5FH, 50H, 6BH, 74H, 4DH, 62H
   \              0x5F 0x50    
   \              0x6B 0x74    
   \              0x4D 0x62    
   \   00000080   0x75 0x73          DC8 75H, 73H, 2EH, 63H, 0
   \              0x2E 0x63    
   \              0x00         
   \   00000085   0x00 0x00          DC8 0, 0, 0
   \              0x00         
    319          
    320          /**
    321           *@}
    322           */
    323          
    324          /**
    325           *@}
    326           */
    327          
    328          
    329          /**
    330           *@}
    331           */
    332          
    333          
    334          
    335          
    336          
    337          /******************* (C) COPYRIGHT 2012 STMicroelectronics *****END OF FILE****/

   Maximum stack usage in bytes:

   .cstack Function
   ------- --------
      16   SpiritPktMbusGetInfo
        16   -> SdkEvalSpiReadRegisters
      16   SpiritPktMbusGetPayloadLength
        16   -> SdkEvalSpiReadRegisters
      16   SpiritPktMbusGetPostamble
        16   -> SdkEvalSpiReadRegisters
      16   SpiritPktMbusGetPreamble
        16   -> SdkEvalSpiReadRegisters
      16   SpiritPktMbusGetSubmode
        16   -> SdkEvalSpiReadRegisters
      16   SpiritPktMbusInit
        16   -> SdkEvalSpiWriteRegisters
        16   -> SpiritPktMbusSetFormat
        16   -> s_assert_failed
      16   SpiritPktMbusSetFormat
        16   -> SdkEvalSpiReadRegisters
        16   -> SdkEvalSpiWriteRegisters
      16   SpiritPktMbusSetPayloadLength
        16   -> SdkEvalSpiWriteRegisters
      16   SpiritPktMbusSetPostamble
        16   -> SdkEvalSpiWriteRegisters
      16   SpiritPktMbusSetPreamble
        16   -> SdkEvalSpiWriteRegisters
      16   SpiritPktMbusSetSubmode
        16   -> SdkEvalSpiWriteRegisters


   Section sizes:

   Bytes  Function/Label
   -----  --------------
       4  ??DataTable10
       4  ??DataTable10_1
     136  ?_0
      48  SpiritPktMbusGetInfo
      40  SpiritPktMbusGetPayloadLength
      30  SpiritPktMbusGetPostamble
      30  SpiritPktMbusGetPreamble
      30  SpiritPktMbusGetSubmode
      80  SpiritPktMbusInit
     174  SpiritPktMbusSetFormat
      40  SpiritPktMbusSetPayloadLength
      26  SpiritPktMbusSetPostamble
      26  SpiritPktMbusSetPreamble
      30  SpiritPktMbusSetSubmode

 
 136 bytes in section .rodata
 562 bytes in section .text
 
 562 bytes of CODE  memory
 136 bytes of CONST memory

Errors: none
Warnings: none
