###############################################################################
#
# IAR ANSI C/C++ Compiler V7.40.2.8542/W32 for ARM        20/Nov/2015  05:05:27
# Copyright 1999-2015 IAR Systems AB.
#
#    Cpu mode     =  thumb
#    Endian       =  little
#    Source file  =  
#        E:\ACQ\Proj_ver09a_15102015\Base_02\2013_11_25_Spirit1_Elektrolux\SPIRIT1_Library_Project\SPIRIT1_Library\Source\src\SPIRIT_Commands.c
#    Command line =  
#        E:\ACQ\Proj_ver09a_15102015\Base_02\2013_11_25_Spirit1_Elektrolux\SPIRIT1_Library_Project\SPIRIT1_Library\Source\src\SPIRIT_Commands.c
#        -D USE_STDPERIPH_DRIVER -D VECT_TAB_FLASH -D STM32L1XX_MD -D
#        IAR_ARM_CM3 -D USE_FULL_ASSERT -D SPIRIT_USE_FULL_ASSERT -D
#        USE_SYSTICK_DELAY -D SDK -lC
#        E:\ACQ\Proj_ver09a_15102015\Base_02\2013_11_25_Spirit1_Elektrolux\SPIRIT1_Library_Project\EWARM\DZ-SB-DISC01\List\
#        -o
#        E:\ACQ\Proj_ver09a_15102015\Base_02\2013_11_25_Spirit1_Elektrolux\SPIRIT1_Library_Project\EWARM\DZ-SB-DISC01\Obj\
#        --no_cse --no_unroll --no_inline --no_code_motion --no_tbaa
#        --no_clustering --no_scheduling --debug --endian=little
#        --cpu=Cortex-M3 -e --fpu=None --dlib_config "C:\Program Files
#        (x86)\IAR Systems\Embedded Workbench
#        7.2\arm\INC\c\DLib_Config_Normal.h" -I
#        E:\ACQ\Proj_ver09a_15102015\Base_02\2013_11_25_Spirit1_Elektrolux\SPIRIT1_Library_Project\EWARM\.\
#        -I
#        E:\ACQ\Proj_ver09a_15102015\Base_02\2013_11_25_Spirit1_Elektrolux\SPIRIT1_Library_Project\EWARM\..\Application\
#        -I
#        E:\ACQ\Proj_ver09a_15102015\Base_02\2013_11_25_Spirit1_Elektrolux\SPIRIT1_Library_Project\EWARM\..\Application\examples\
#        -I
#        E:\ACQ\Proj_ver09a_15102015\Base_02\2013_11_25_Spirit1_Elektrolux\SPIRIT1_Library_Project\EWARM\..\Application\runtime\
#        -I
#        E:\ACQ\Proj_ver09a_15102015\Base_02\2013_11_25_Spirit1_Elektrolux\SPIRIT1_Library_Project\EWARM\..\..\STM32L\SDK_Eval_STM32L\Source\inc\
#        -I
#        E:\ACQ\Proj_ver09a_15102015\Base_02\2013_11_25_Spirit1_Elektrolux\SPIRIT1_Library_Project\EWARM\..\SPIRIT1_Library\Source\inc\
#        -I
#        E:\ACQ\Proj_ver09a_15102015\Base_02\2013_11_25_Spirit1_Elektrolux\SPIRIT1_Library_Project\EWARM\..\SDK_Eval_Util\Source\inc\
#        -I
#        E:\ACQ\Proj_ver09a_15102015\Base_02\2013_11_25_Spirit1_Elektrolux\SPIRIT1_Library_Project\EWARM\..\..\STM32L\STM32L1xx_StdPeriph_Lib\Source\CMSIS\CM3\DeviceSupport\ST\STM32L1xx\
#        -I
#        E:\ACQ\Proj_ver09a_15102015\Base_02\2013_11_25_Spirit1_Elektrolux\SPIRIT1_Library_Project\EWARM\..\..\STM32L\STM32L1xx_StdPeriph_Lib\Source\STM32L1xx_StdPeriph_Driver\inc\
#        -I
#        E:\ACQ\Proj_ver09a_15102015\Base_02\2013_11_25_Spirit1_Elektrolux\SPIRIT1_Library_Project\EWARM\..\..\STM32L\SDK_Virtual_Com\Source\inc\
#        -I
#        E:\ACQ\Proj_ver09a_15102015\Base_02\2013_11_25_Spirit1_Elektrolux\SPIRIT1_Library_Project\EWARM\..\..\STM32L\STM32_USB-FS-Device_Lib\Source\inc\
#        -I
#        E:\ACQ\Proj_ver09a_15102015\Base_02\2013_11_25_Spirit1_Elektrolux\SPIRIT1_Library_Project\EWARM\..\ACQ\
#        -On --use_c++_inline -I "C:\Program Files (x86)\IAR Systems\Embedded
#        Workbench 7.2\arm\CMSIS\Include\"
#    List file    =  
#        E:\ACQ\Proj_ver09a_15102015\Base_02\2013_11_25_Spirit1_Elektrolux\SPIRIT1_Library_Project\EWARM\DZ-SB-DISC01\List\SPIRIT_Commands.lst
#    Object file  =  
#        E:\ACQ\Proj_ver09a_15102015\Base_02\2013_11_25_Spirit1_Elektrolux\SPIRIT1_Library_Project\EWARM\DZ-SB-DISC01\Obj\SPIRIT_Commands.o
#
###############################################################################

E:\ACQ\Proj_ver09a_15102015\Base_02\2013_11_25_Spirit1_Elektrolux\SPIRIT1_Library_Project\SPIRIT1_Library\Source\src\SPIRIT_Commands.c
      1          /**
      2           * @file    SPIRIT_Commands.c
      3           * @author  High End Analog & RF BU - AMS / ART Team IMS-Systems Lab
      4           * @version V3.0.1
      5           * @date    November 19, 2012
      6           * @brief   Management of SPIRIT Commands.
      7           * @details
      8           *
      9           * THE PRESENT FIRMWARE WHICH IS FOR GUIDANCE ONLY AIMS AT PROVIDING CUSTOMERS
     10           * WITH CODING INFORMATION REGARDING THEIR PRODUCTS IN ORDER FOR THEM TO SAVE
     11           * TIME. AS A RESULT, STMICROELECTRONICS SHALL NOT BE HELD LIABLE FOR ANY
     12           * DIRECT, INDIRECT OR CONSEQUENTIAL DAMAGES WITH RESPECT TO ANY CLAIMS ARISING
     13           * FROM THE CONTENT OF SUCH FIRMWARE AND/OR THE USE MADE BY CUSTOMERS OF THE
     14           * CODING INFORMATION CONTAINED HEREIN IN CONNECTION WITH THEIR PRODUCTS.
     15           *
     16           * THIS SOURCE CODE IS PROTECTED BY A LICENSE.
     17           * FOR MORE INFORMATION PLEASE CAREFULLY READ THE LICENSE AGREEMENT FILE LOCATED
     18           * IN THE ROOT DIRECTORY OF THIS FIRMWARE PACKAGE.
     19           *
     20           * <h2><center>&copy; COPYRIGHT 2012 STMicroelectronics</center></h2>
     21           */
     22          
     23          
     24          /* Includes ------------------------------------------------------------------*/
     25          #include "SPIRIT_Commands.h"
     26          #include "MCU_Interface.h"
     27          
     28          
     29          
     30          
     31          /**
     32           * @addtogroup SPIRIT_Libraries
     33           * @{
     34           */
     35          
     36          
     37          /**
     38           * @addtogroup SPIRIT_Commands
     39           * @{
     40           */
     41          
     42          
     43          /**
     44           * @defgroup Commands_Private_TypesDefinitions  Commands Private TypesDefinitions
     45           * @{
     46           */
     47          
     48          /**
     49           *@}
     50           */
     51          
     52          
     53          /**
     54           * @defgroup Commands_Private_Defines           Commands Private Defines
     55           * @{
     56           */
     57          
     58          /**
     59           *@}
     60           */
     61          
     62          /**
     63           * @defgroup Commands_Private_Macros            Commands Private Macros
     64           * @{
     65           */
     66          
     67          /**
     68           *@}
     69           */
     70          
     71          
     72          /**
     73           * @defgroup Commands_Private_Variables         Commands Private Variables
     74           * @{
     75           */
     76          
     77          /**
     78           *@}
     79           */
     80          
     81          
     82          
     83          /**
     84           * @defgroup Commands_Private_FunctionPrototypes        Commands Private Function Prototypes
     85           * @{
     86           */
     87          
     88          /**
     89           *@}
     90           */
     91          
     92          
     93          /**
     94           * @defgroup Commands_Private_Functions                 Commands Private Functions
     95           * @{
     96           */
     97          
     98          /**
     99           * @brief  Sends a specific command to SPIRIT.
    100           * @param  xCommandCode code of the command to send.
    101                     This parameter can be any value of @ref SpiritCmd.
    102           * @retval None.
    103           */

   \                                 In section .text, align 4, keep-with-next
    104          void SpiritCmdStrobeCommand(SpiritCmd xCommandCode)
    105          {
   \                     SpiritCmdStrobeCommand: (+1)
   \   00000000   0xB510             PUSH     {R4,LR}
   \   00000002   0xB082             SUB      SP,SP,#+8
   \   00000004   0x0004             MOVS     R4,R0
    106            /* Check the parameters */
    107            s_assert_param(IS_SPIRIT_CMD(xCommandCode));
   \   00000006   0xB2E4             UXTB     R4,R4            ;; ZeroExt  R4,R4,#+24,#+24
   \   00000008   0x2C60             CMP      R4,#+96
   \   0000000A   0xD033             BEQ.N    ??SpiritCmdStrobeCommand_0
   \   0000000C   0xB2E4             UXTB     R4,R4            ;; ZeroExt  R4,R4,#+24,#+24
   \   0000000E   0x2C61             CMP      R4,#+97
   \   00000010   0xD030             BEQ.N    ??SpiritCmdStrobeCommand_0
   \   00000012   0xB2E4             UXTB     R4,R4            ;; ZeroExt  R4,R4,#+24,#+24
   \   00000014   0x2C62             CMP      R4,#+98
   \   00000016   0xD02D             BEQ.N    ??SpiritCmdStrobeCommand_0
   \   00000018   0xB2E4             UXTB     R4,R4            ;; ZeroExt  R4,R4,#+24,#+24
   \   0000001A   0x2C63             CMP      R4,#+99
   \   0000001C   0xD02A             BEQ.N    ??SpiritCmdStrobeCommand_0
   \   0000001E   0xB2E4             UXTB     R4,R4            ;; ZeroExt  R4,R4,#+24,#+24
   \   00000020   0x2C64             CMP      R4,#+100
   \   00000022   0xD027             BEQ.N    ??SpiritCmdStrobeCommand_0
   \   00000024   0xB2E4             UXTB     R4,R4            ;; ZeroExt  R4,R4,#+24,#+24
   \   00000026   0x2C65             CMP      R4,#+101
   \   00000028   0xD024             BEQ.N    ??SpiritCmdStrobeCommand_0
   \   0000002A   0xB2E4             UXTB     R4,R4            ;; ZeroExt  R4,R4,#+24,#+24
   \   0000002C   0x2C66             CMP      R4,#+102
   \   0000002E   0xD021             BEQ.N    ??SpiritCmdStrobeCommand_0
   \   00000030   0xB2E4             UXTB     R4,R4            ;; ZeroExt  R4,R4,#+24,#+24
   \   00000032   0x2C67             CMP      R4,#+103
   \   00000034   0xD01E             BEQ.N    ??SpiritCmdStrobeCommand_0
   \   00000036   0xB2E4             UXTB     R4,R4            ;; ZeroExt  R4,R4,#+24,#+24
   \   00000038   0x2C68             CMP      R4,#+104
   \   0000003A   0xD01B             BEQ.N    ??SpiritCmdStrobeCommand_0
   \   0000003C   0xB2E4             UXTB     R4,R4            ;; ZeroExt  R4,R4,#+24,#+24
   \   0000003E   0x2C69             CMP      R4,#+105
   \   00000040   0xD018             BEQ.N    ??SpiritCmdStrobeCommand_0
   \   00000042   0xB2E4             UXTB     R4,R4            ;; ZeroExt  R4,R4,#+24,#+24
   \   00000044   0x2C6A             CMP      R4,#+106
   \   00000046   0xD015             BEQ.N    ??SpiritCmdStrobeCommand_0
   \   00000048   0xB2E4             UXTB     R4,R4            ;; ZeroExt  R4,R4,#+24,#+24
   \   0000004A   0x2C6B             CMP      R4,#+107
   \   0000004C   0xD012             BEQ.N    ??SpiritCmdStrobeCommand_0
   \   0000004E   0xB2E4             UXTB     R4,R4            ;; ZeroExt  R4,R4,#+24,#+24
   \   00000050   0x2C6C             CMP      R4,#+108
   \   00000052   0xD00F             BEQ.N    ??SpiritCmdStrobeCommand_0
   \   00000054   0xB2E4             UXTB     R4,R4            ;; ZeroExt  R4,R4,#+24,#+24
   \   00000056   0x2C6D             CMP      R4,#+109
   \   00000058   0xD00C             BEQ.N    ??SpiritCmdStrobeCommand_0
   \   0000005A   0xB2E4             UXTB     R4,R4            ;; ZeroExt  R4,R4,#+24,#+24
   \   0000005C   0x2C70             CMP      R4,#+112
   \   0000005E   0xD009             BEQ.N    ??SpiritCmdStrobeCommand_0
   \   00000060   0xB2E4             UXTB     R4,R4            ;; ZeroExt  R4,R4,#+24,#+24
   \   00000062   0x2C71             CMP      R4,#+113
   \   00000064   0xD006             BEQ.N    ??SpiritCmdStrobeCommand_0
   \   00000066   0xB2E4             UXTB     R4,R4            ;; ZeroExt  R4,R4,#+24,#+24
   \   00000068   0x2C72             CMP      R4,#+114
   \   0000006A   0xD003             BEQ.N    ??SpiritCmdStrobeCommand_0
   \   0000006C   0x216B             MOVS     R1,#+107
   \   0000006E   0x4806             LDR.N    R0,??SpiritCmdStrobeCommand_1
   \   00000070   0x.... 0x....      BL       s_assert_failed
    108          
    109            g_xStatus = SpiritSpiCommandStrobes((uint8_t) xCommandCode);
   \                     ??SpiritCmdStrobeCommand_0: (+1)
   \   00000074   0x0020             MOVS     R0,R4
   \   00000076   0xB2C0             UXTB     R0,R0            ;; ZeroExt  R0,R0,#+24,#+24
   \   00000078   0x.... 0x....      BL       SdkEvalSpiCommandStrobes
   \   0000007C   0x9000             STR      R0,[SP, #+0]
   \   0000007E   0x4803             LDR.N    R0,??SpiritCmdStrobeCommand_1+0x4
   \   00000080   0xF8BD 0x1000      LDRH     R1,[SP, #+0]
   \   00000084   0x8001             STRH     R1,[R0, #+0]
    110          }
   \   00000086   0xBD13             POP      {R0,R1,R4,PC}    ;; return
   \                     ??SpiritCmdStrobeCommand_1:
   \   00000088   0x........         DC32     ?_0
   \   0000008C   0x........         DC32     g_xStatus

   \                                 In section .rodata, align 4
   \                     ?_0:
   \   00000000   0x45 0x3A          DC8 45H, 3AH, 5CH, 41H, 43H, 51H, 5CH, 50H
   \              0x5C 0x41    
   \              0x43 0x51    
   \              0x5C 0x50    
   \   00000008   0x72 0x6F          DC8 72H, 6FH, 6AH, 5FH, 76H, 65H, 72H, 30H
   \              0x6A 0x5F    
   \              0x76 0x65    
   \              0x72 0x30    
   \   00000010   0x39 0x61          DC8 39H, 61H, 5FH, 31H, 35H, 31H, 30H, 32H
   \              0x5F 0x31    
   \              0x35 0x31    
   \              0x30 0x32    
   \   00000018   0x30 0x31          DC8 30H, 31H, 35H, 5CH, 42H, 61H, 73H, 65H
   \              0x35 0x5C    
   \              0x42 0x61    
   \              0x73 0x65    
   \   00000020   0x5F 0x30          DC8 5FH, 30H, 32H, 5CH, 32H, 30H, 31H, 33H
   \              0x32 0x5C    
   \              0x32 0x30    
   \              0x31 0x33    
   \   00000028   0x5F 0x31          DC8 5FH, 31H, 31H, 5FH, 32H, 35H, 5FH, 53H
   \              0x31 0x5F    
   \              0x32 0x35    
   \              0x5F 0x53    
   \   00000030   0x70 0x69          DC8 70H, 69H, 72H, 69H, 74H, 31H, 5FH, 45H
   \              0x72 0x69    
   \              0x74 0x31    
   \              0x5F 0x45    
   \   00000038   0x6C 0x65          DC8 6CH, 65H, 6BH, 74H, 72H, 6FH, 6CH, 75H
   \              0x6B 0x74    
   \              0x72 0x6F    
   \              0x6C 0x75    
   \   00000040   0x78 0x5C          DC8 78H, 5CH, 53H, 50H, 49H, 52H, 49H, 54H
   \              0x53 0x50    
   \              0x49 0x52    
   \              0x49 0x54    
   \   00000048   0x31 0x5F          DC8 31H, 5FH, 4CH, 69H, 62H, 72H, 61H, 72H
   \              0x4C 0x69    
   \              0x62 0x72    
   \              0x61 0x72    
   \   00000050   0x79 0x5F          DC8 79H, 5FH, 50H, 72H, 6FH, 6AH, 65H, 63H
   \              0x50 0x72    
   \              0x6F 0x6A    
   \              0x65 0x63    
   \   00000058   0x74 0x5C          DC8 74H, 5CH, 53H, 50H, 49H, 52H, 49H, 54H
   \              0x53 0x50    
   \              0x49 0x52    
   \              0x49 0x54    
   \   00000060   0x31 0x5F          DC8 31H, 5FH, 4CH, 69H, 62H, 72H, 61H, 72H
   \              0x4C 0x69    
   \              0x62 0x72    
   \              0x61 0x72    
   \   00000068   0x79 0x5C          DC8 79H, 5CH, 53H, 6FH, 75H, 72H, 63H, 65H
   \              0x53 0x6F    
   \              0x75 0x72    
   \              0x63 0x65    
   \   00000070   0x5C 0x73          DC8 5CH, 73H, 72H, 63H, 5CH, 53H, 50H, 49H
   \              0x72 0x63    
   \              0x5C 0x53    
   \              0x50 0x49    
   \   00000078   0x52 0x49          DC8 52H, 49H, 54H, 5FH, 43H, 6FH, 6DH, 6DH
   \              0x54 0x5F    
   \              0x43 0x6F    
   \              0x6D 0x6D    
   \   00000080   0x61 0x6E          DC8 61H, 6EH, 64H, 73H, 2EH, 63H, 0
   \              0x64 0x73    
   \              0x2E 0x63    
   \              0x00         
   \   00000087   0x00               DC8 0
    111          
    112          
    113          /**
    114           *@}
    115           */
    116          
    117          
    118          /**
    119           *@}
    120           */
    121          
    122          
    123          /**
    124           *@}
    125           */
    126          
    127          
    128          
    129          
    130          /******************* (C) COPYRIGHT 2012 STMicroelectronics *****END OF FILE****/

   Maximum stack usage in bytes:

   .cstack Function
   ------- --------
      16   SpiritCmdStrobeCommand
        16   -> SdkEvalSpiCommandStrobes
        16   -> s_assert_failed


   Section sizes:

   Bytes  Function/Label
   -----  --------------
     136  ?_0
     144  SpiritCmdStrobeCommand

 
 136 bytes in section .rodata
 144 bytes in section .text
 
 144 bytes of CODE  memory
 136 bytes of CONST memory

Errors: none
Warnings: none
