###############################################################################
#
# IAR ANSI C/C++ Compiler V7.40.2.8542/W32 for ARM        20/Nov/2015  05:05:41
# Copyright 1999-2015 IAR Systems AB.
#
#    Cpu mode     =  thumb
#    Endian       =  little
#    Source file  =  
#        E:\ACQ\Proj_ver09a_15102015\Base_02\2013_11_25_Spirit1_Elektrolux\STM32L\STM32L1xx_StdPeriph_Lib\Source\STM32L1xx_StdPeriph_Driver\src\stm32l1xx_exti.c
#    Command line =  
#        E:\ACQ\Proj_ver09a_15102015\Base_02\2013_11_25_Spirit1_Elektrolux\STM32L\STM32L1xx_StdPeriph_Lib\Source\STM32L1xx_StdPeriph_Driver\src\stm32l1xx_exti.c
#        -D USE_STDPERIPH_DRIVER -D VECT_TAB_FLASH -D STM32L1XX_MD -D
#        IAR_ARM_CM3 -D USE_FULL_ASSERT -D SPIRIT_USE_FULL_ASSERT -D
#        USE_SYSTICK_DELAY -D SDK -lC
#        E:\ACQ\Proj_ver09a_15102015\Base_02\2013_11_25_Spirit1_Elektrolux\SPIRIT1_Library_Project\EWARM\DZ-SB-DISC01\List\
#        -o
#        E:\ACQ\Proj_ver09a_15102015\Base_02\2013_11_25_Spirit1_Elektrolux\SPIRIT1_Library_Project\EWARM\DZ-SB-DISC01\Obj\
#        --no_cse --no_unroll --no_inline --no_code_motion --no_tbaa
#        --no_clustering --no_scheduling --debug --endian=little
#        --cpu=Cortex-M3 -e --fpu=None --dlib_config "C:\Program Files
#        (x86)\IAR Systems\Embedded Workbench
#        7.2\arm\INC\c\DLib_Config_Normal.h" -I
#        E:\ACQ\Proj_ver09a_15102015\Base_02\2013_11_25_Spirit1_Elektrolux\SPIRIT1_Library_Project\EWARM\.\
#        -I
#        E:\ACQ\Proj_ver09a_15102015\Base_02\2013_11_25_Spirit1_Elektrolux\SPIRIT1_Library_Project\EWARM\..\Application\
#        -I
#        E:\ACQ\Proj_ver09a_15102015\Base_02\2013_11_25_Spirit1_Elektrolux\SPIRIT1_Library_Project\EWARM\..\Application\examples\
#        -I
#        E:\ACQ\Proj_ver09a_15102015\Base_02\2013_11_25_Spirit1_Elektrolux\SPIRIT1_Library_Project\EWARM\..\Application\runtime\
#        -I
#        E:\ACQ\Proj_ver09a_15102015\Base_02\2013_11_25_Spirit1_Elektrolux\SPIRIT1_Library_Project\EWARM\..\..\STM32L\SDK_Eval_STM32L\Source\inc\
#        -I
#        E:\ACQ\Proj_ver09a_15102015\Base_02\2013_11_25_Spirit1_Elektrolux\SPIRIT1_Library_Project\EWARM\..\SPIRIT1_Library\Source\inc\
#        -I
#        E:\ACQ\Proj_ver09a_15102015\Base_02\2013_11_25_Spirit1_Elektrolux\SPIRIT1_Library_Project\EWARM\..\SDK_Eval_Util\Source\inc\
#        -I
#        E:\ACQ\Proj_ver09a_15102015\Base_02\2013_11_25_Spirit1_Elektrolux\SPIRIT1_Library_Project\EWARM\..\..\STM32L\STM32L1xx_StdPeriph_Lib\Source\CMSIS\CM3\DeviceSupport\ST\STM32L1xx\
#        -I
#        E:\ACQ\Proj_ver09a_15102015\Base_02\2013_11_25_Spirit1_Elektrolux\SPIRIT1_Library_Project\EWARM\..\..\STM32L\STM32L1xx_StdPeriph_Lib\Source\STM32L1xx_StdPeriph_Driver\inc\
#        -I
#        E:\ACQ\Proj_ver09a_15102015\Base_02\2013_11_25_Spirit1_Elektrolux\SPIRIT1_Library_Project\EWARM\..\..\STM32L\SDK_Virtual_Com\Source\inc\
#        -I
#        E:\ACQ\Proj_ver09a_15102015\Base_02\2013_11_25_Spirit1_Elektrolux\SPIRIT1_Library_Project\EWARM\..\..\STM32L\STM32_USB-FS-Device_Lib\Source\inc\
#        -I
#        E:\ACQ\Proj_ver09a_15102015\Base_02\2013_11_25_Spirit1_Elektrolux\SPIRIT1_Library_Project\EWARM\..\ACQ\
#        -On --use_c++_inline -I "C:\Program Files (x86)\IAR Systems\Embedded
#        Workbench 7.2\arm\CMSIS\Include\"
#    List file    =  
#        E:\ACQ\Proj_ver09a_15102015\Base_02\2013_11_25_Spirit1_Elektrolux\SPIRIT1_Library_Project\EWARM\DZ-SB-DISC01\List\stm32l1xx_exti.lst
#    Object file  =  
#        E:\ACQ\Proj_ver09a_15102015\Base_02\2013_11_25_Spirit1_Elektrolux\SPIRIT1_Library_Project\EWARM\DZ-SB-DISC01\Obj\stm32l1xx_exti.o
#
###############################################################################

E:\ACQ\Proj_ver09a_15102015\Base_02\2013_11_25_Spirit1_Elektrolux\STM32L\STM32L1xx_StdPeriph_Lib\Source\STM32L1xx_StdPeriph_Driver\src\stm32l1xx_exti.c
      1          /**
      2            ******************************************************************************
      3            * @file    stm32l1xx_exti.c
      4            * @author  MCD Application Team
      5            * @version V1.0.0
      6            * @date    31-December-2010
      7            * @brief   This file provides firmware functions to manage the following 
      8            *          functionalities of the EXTI peripheral:           
      9            *           - Initialization and Configuration
     10            *           - Interrupts and flags management
     11            *
     12            *  @verbatim  
     13            *  
     14            *          ===================================================================
     15            *                                     EXTI features
     16            *          ===================================================================
     17            *    
     18            *          External interrupt/event lines are mapped as following:
     19            *            1- All available GPIO pins are connected to the 16 external 
     20            *               interrupt/event lines from EXTI0 to EXTI15.
     21            *            2- EXTI line 16 is connected to the PVD output
     22            *            3- EXTI line 17 is connected to the RTC Alarm event
     23            *            4- EXTI line 18 is connected to the USB Device FS wakeup event
     24            *            5- EXTI line 19 is connected to the RTC Tamper and TimeStamp events
     25            *            6- EXTI line 20 is connected to the RTC Wakeup event
     26            *            7- EXTI line 21 is connected to the Comparator 1 wakeup event 
     27            *            8- EXTI line 22 is connected to the Comparator 2 wakeup event
     28            *
     29            *          ===================================================================
     30            *                                 How to use this driver
     31            *          ===================================================================  
     32            *              
     33            *          In order to use an I/O pin as an external interrupt source, follow
     34            *          steps below:
     35            *            1- Configure the I/O in input mode using GPIO_Init()
     36            *            2- Select the input source pin for the EXTI line using 
     37            *               SYSCFG_EXTILineConfig()
     38            *            3- Select the mode(interrupt, event) and configure the trigger 
     39            *               selection (Rising, falling or both) using EXTI_Init()
     40            *            4- Configure NVIC IRQ channel mapped to the EXTI line using NVIC_Init()
     41            *   
     42            *@note     SYSCFG APB clock must be enabled to get write access to SYSCFG_EXTICRx
     43            *          registers using RCC_APB2PeriphClockCmd(RCC_APB2Periph_SYSCFG, ENABLE);
     44            *          
     45            *  @endverbatim                  
     46            *
     47            ******************************************************************************
     48            * @attention
     49            *
     50            * THE PRESENT FIRMWARE WHICH IS FOR GUIDANCE ONLY AIMS AT PROVIDING CUSTOMERS
     51            * WITH CODING INFORMATION REGARDING THEIR PRODUCTS IN ORDER FOR THEM TO SAVE
     52            * TIME. AS A RESULT, STMICROELECTRONICS SHALL NOT BE HELD LIABLE FOR ANY
     53            * DIRECT, INDIRECT OR CONSEQUENTIAL DAMAGES WITH RESPECT TO ANY CLAIMS ARISING
     54            * FROM THE CONTENT OF SUCH FIRMWARE AND/OR THE USE MADE BY CUSTOMERS OF THE
     55            * CODING INFORMATION CONTAINED HEREIN IN CONNECTION WITH THEIR PRODUCTS.
     56            *
     57            * <h2><center>&copy; COPYRIGHT 2010 STMicroelectronics</center></h2>
     58            ******************************************************************************  
     59            */ 
     60          
     61          /* Includes ------------------------------------------------------------------*/
     62          #include "stm32l1xx_exti.h"
     63          
     64          /** @addtogroup STM32L1xx_StdPeriph_Driver
     65            * @{
     66            */
     67          
     68          /** @defgroup EXTI 
     69            * @brief EXTI driver modules
     70            * @{
     71            */
     72          
     73          /* Private typedef -----------------------------------------------------------*/
     74          /* Private define ------------------------------------------------------------*/
     75          #define EXTI_LINENONE    ((uint32_t)0x00000)  /* No interrupt selected */
     76          
     77          /* Private macro -------------------------------------------------------------*/
     78          /* Private variables ---------------------------------------------------------*/
     79          /* Private function prototypes -----------------------------------------------*/
     80          /* Private functions ---------------------------------------------------------*/
     81          
     82          /** @defgroup EXTI_Private_Functions
     83            * @{
     84            */
     85          
     86          /** @defgroup EXTI_Group1 Initialization and Configuration functions
     87           *  @brief   Initialization and Configuration functions 
     88           *
     89          @verbatim   
     90           ===============================================================================
     91                            Initialization and Configuration functions
     92           ===============================================================================  
     93          
     94          @endverbatim
     95            * @{
     96            */
     97          
     98          /**
     99            * @brief  Deinitializes the EXTI peripheral registers to their default reset values.
    100            * @param  None
    101            * @retval None
    102            */

   \                                 In section .text, align 2, keep-with-next
    103          void EXTI_DeInit(void)
    104          {
    105            EXTI->IMR = 0x00000000;
   \                     EXTI_DeInit: (+1)
   \   00000000   0x2000             MOVS     R0,#+0
   \   00000002   0x....             LDR.N    R1,??DataTable6  ;; 0x40010400
   \   00000004   0x6008             STR      R0,[R1, #+0]
    106            EXTI->EMR = 0x00000000;
   \   00000006   0x2000             MOVS     R0,#+0
   \   00000008   0x....             LDR.N    R1,??DataTable6_1  ;; 0x40010404
   \   0000000A   0x6008             STR      R0,[R1, #+0]
    107            EXTI->RTSR = 0x00000000; 
   \   0000000C   0x2000             MOVS     R0,#+0
   \   0000000E   0x....             LDR.N    R1,??DataTable6_2  ;; 0x40010408
   \   00000010   0x6008             STR      R0,[R1, #+0]
    108            EXTI->FTSR = 0x00000000; 
   \   00000012   0x2000             MOVS     R0,#+0
   \   00000014   0x....             LDR.N    R1,??DataTable6_3  ;; 0x4001040c
   \   00000016   0x6008             STR      R0,[R1, #+0]
    109            EXTI->PR = 0x007FFFFF;
   \   00000018   0x....             LDR.N    R0,??DataTable6_4  ;; 0x7fffff
   \   0000001A   0x....             LDR.N    R1,??DataTable6_5  ;; 0x40010414
   \   0000001C   0x6008             STR      R0,[R1, #+0]
    110          }
   \   0000001E   0x4770             BX       LR               ;; return
    111          
    112          /**
    113            * @brief  Initializes the EXTI peripheral according to the specified
    114            *   parameters in the EXTI_InitStruct.
    115            *    EXTI_Line specifies the EXTI line (EXTI0....EXTI22)  
    116            *    EXTI_Mode specifies which EXTI line is used as interrupt or an event
    117            *    EXTI_Trigger selects the trigger. When the trigger occurs, interrupt
    118            *                 pending bit will be set
    119            *    EXTI_LineCmd controls (Enable/Disable) the EXTI line
    120            * @param  EXTI_InitStruct: pointer to a EXTI_InitTypeDef structure
    121            *   that contains the configuration information for the EXTI peripheral.
    122            * @retval None
    123            */

   \                                 In section .text, align 2, keep-with-next
    124          void EXTI_Init(EXTI_InitTypeDef* EXTI_InitStruct)
    125          {
   \                     EXTI_Init: (+1)
   \   00000000   0xB538             PUSH     {R3-R5,LR}
   \   00000002   0x0004             MOVS     R4,R0
    126            uint32_t tmp = 0;
   \   00000004   0x2500             MOVS     R5,#+0
    127          
    128            /* Check the parameters */
    129            assert_param(IS_EXTI_MODE(EXTI_InitStruct->EXTI_Mode));
   \   00000006   0x7920             LDRB     R0,[R4, #+4]
   \   00000008   0x2800             CMP      R0,#+0
   \   0000000A   0xD006             BEQ.N    ??EXTI_Init_0
   \   0000000C   0x7920             LDRB     R0,[R4, #+4]
   \   0000000E   0x2804             CMP      R0,#+4
   \   00000010   0xD003             BEQ.N    ??EXTI_Init_0
   \   00000012   0x2181             MOVS     R1,#+129
   \   00000014   0x....             LDR.N    R0,??DataTable6_6
   \   00000016   0x.... 0x....      BL       assert_failed
    130            assert_param(IS_EXTI_TRIGGER(EXTI_InitStruct->EXTI_Trigger));
   \                     ??EXTI_Init_0: (+1)
   \   0000001A   0x7960             LDRB     R0,[R4, #+5]
   \   0000001C   0x2808             CMP      R0,#+8
   \   0000001E   0xD009             BEQ.N    ??EXTI_Init_1
   \   00000020   0x7960             LDRB     R0,[R4, #+5]
   \   00000022   0x280C             CMP      R0,#+12
   \   00000024   0xD006             BEQ.N    ??EXTI_Init_1
   \   00000026   0x7960             LDRB     R0,[R4, #+5]
   \   00000028   0x2810             CMP      R0,#+16
   \   0000002A   0xD003             BEQ.N    ??EXTI_Init_1
   \   0000002C   0x2182             MOVS     R1,#+130
   \   0000002E   0x....             LDR.N    R0,??DataTable6_6
   \   00000030   0x.... 0x....      BL       assert_failed
    131            assert_param(IS_EXTI_LINE(EXTI_InitStruct->EXTI_Line));  
   \                     ??EXTI_Init_1: (+1)
   \   00000034   0x6820             LDR      R0,[R4, #+0]
   \   00000036   0x0DC0             LSRS     R0,R0,#+23
   \   00000038   0x05C0             LSLS     R0,R0,#+23
   \   0000003A   0x2800             CMP      R0,#+0
   \   0000003C   0xD102             BNE.N    ??EXTI_Init_2
   \   0000003E   0x6820             LDR      R0,[R4, #+0]
   \   00000040   0x2800             CMP      R0,#+0
   \   00000042   0xD103             BNE.N    ??EXTI_Init_3
   \                     ??EXTI_Init_2: (+1)
   \   00000044   0x2183             MOVS     R1,#+131
   \   00000046   0x....             LDR.N    R0,??DataTable6_6
   \   00000048   0x.... 0x....      BL       assert_failed
    132            assert_param(IS_FUNCTIONAL_STATE(EXTI_InitStruct->EXTI_LineCmd));
   \                     ??EXTI_Init_3: (+1)
   \   0000004C   0x79A0             LDRB     R0,[R4, #+6]
   \   0000004E   0x2800             CMP      R0,#+0
   \   00000050   0xD006             BEQ.N    ??EXTI_Init_4
   \   00000052   0x79A0             LDRB     R0,[R4, #+6]
   \   00000054   0x2801             CMP      R0,#+1
   \   00000056   0xD003             BEQ.N    ??EXTI_Init_4
   \   00000058   0x2184             MOVS     R1,#+132
   \   0000005A   0x....             LDR.N    R0,??DataTable6_6
   \   0000005C   0x.... 0x....      BL       assert_failed
    133          
    134            tmp = (uint32_t)EXTI_BASE;
   \                     ??EXTI_Init_4: (+1)
   \   00000060   0x....             LDR.N    R0,??DataTable6  ;; 0x40010400
   \   00000062   0x0005             MOVS     R5,R0
    135               
    136            if (EXTI_InitStruct->EXTI_LineCmd != DISABLE)
   \   00000064   0x79A0             LDRB     R0,[R4, #+6]
   \   00000066   0x2800             CMP      R0,#+0
   \   00000068   0xD036             BEQ.N    ??EXTI_Init_5
    137            {
    138              /* Clear EXTI line configuration */
    139              EXTI->IMR &= ~EXTI_InitStruct->EXTI_Line;
   \   0000006A   0x....             LDR.N    R0,??DataTable6  ;; 0x40010400
   \   0000006C   0x6800             LDR      R0,[R0, #+0]
   \   0000006E   0x6821             LDR      R1,[R4, #+0]
   \   00000070   0x4388             BICS     R0,R0,R1
   \   00000072   0x....             LDR.N    R1,??DataTable6  ;; 0x40010400
   \   00000074   0x6008             STR      R0,[R1, #+0]
    140              EXTI->EMR &= ~EXTI_InitStruct->EXTI_Line;
   \   00000076   0x....             LDR.N    R0,??DataTable6_1  ;; 0x40010404
   \   00000078   0x6800             LDR      R0,[R0, #+0]
   \   0000007A   0x6821             LDR      R1,[R4, #+0]
   \   0000007C   0x4388             BICS     R0,R0,R1
   \   0000007E   0x....             LDR.N    R1,??DataTable6_1  ;; 0x40010404
   \   00000080   0x6008             STR      R0,[R1, #+0]
    141              
    142              tmp += EXTI_InitStruct->EXTI_Mode;
   \   00000082   0x7920             LDRB     R0,[R4, #+4]
   \   00000084   0x1945             ADDS     R5,R0,R5
    143          
    144              *(__IO uint32_t *) tmp |= EXTI_InitStruct->EXTI_Line;
   \   00000086   0x6828             LDR      R0,[R5, #+0]
   \   00000088   0x6821             LDR      R1,[R4, #+0]
   \   0000008A   0x4308             ORRS     R0,R1,R0
   \   0000008C   0x6028             STR      R0,[R5, #+0]
    145          
    146              /* Clear Rising Falling edge configuration */
    147              EXTI->RTSR &= ~EXTI_InitStruct->EXTI_Line;
   \   0000008E   0x....             LDR.N    R0,??DataTable6_2  ;; 0x40010408
   \   00000090   0x6800             LDR      R0,[R0, #+0]
   \   00000092   0x6821             LDR      R1,[R4, #+0]
   \   00000094   0x4388             BICS     R0,R0,R1
   \   00000096   0x....             LDR.N    R1,??DataTable6_2  ;; 0x40010408
   \   00000098   0x6008             STR      R0,[R1, #+0]
    148              EXTI->FTSR &= ~EXTI_InitStruct->EXTI_Line;
   \   0000009A   0x....             LDR.N    R0,??DataTable6_3  ;; 0x4001040c
   \   0000009C   0x6800             LDR      R0,[R0, #+0]
   \   0000009E   0x6821             LDR      R1,[R4, #+0]
   \   000000A0   0x4388             BICS     R0,R0,R1
   \   000000A2   0x....             LDR.N    R1,??DataTable6_3  ;; 0x4001040c
   \   000000A4   0x6008             STR      R0,[R1, #+0]
    149              
    150              /* Select the trigger for the selected external interrupts */
    151              if (EXTI_InitStruct->EXTI_Trigger == EXTI_Trigger_Rising_Falling)
   \   000000A6   0x7960             LDRB     R0,[R4, #+5]
   \   000000A8   0x2810             CMP      R0,#+16
   \   000000AA   0xD10C             BNE.N    ??EXTI_Init_6
    152              {
    153                /* Rising Falling edge */
    154                EXTI->RTSR |= EXTI_InitStruct->EXTI_Line;
   \   000000AC   0x....             LDR.N    R0,??DataTable6_2  ;; 0x40010408
   \   000000AE   0x6800             LDR      R0,[R0, #+0]
   \   000000B0   0x6821             LDR      R1,[R4, #+0]
   \   000000B2   0x4308             ORRS     R0,R1,R0
   \   000000B4   0x....             LDR.N    R1,??DataTable6_2  ;; 0x40010408
   \   000000B6   0x6008             STR      R0,[R1, #+0]
    155                EXTI->FTSR |= EXTI_InitStruct->EXTI_Line;
   \   000000B8   0x....             LDR.N    R0,??DataTable6_3  ;; 0x4001040c
   \   000000BA   0x6800             LDR      R0,[R0, #+0]
   \   000000BC   0x6821             LDR      R1,[R4, #+0]
   \   000000BE   0x4308             ORRS     R0,R1,R0
   \   000000C0   0x....             LDR.N    R1,??DataTable6_3  ;; 0x4001040c
   \   000000C2   0x6008             STR      R0,[R1, #+0]
   \   000000C4   0xE00E             B.N      ??EXTI_Init_7
    156              }
    157              else
    158              {
    159                tmp = (uint32_t)EXTI_BASE;
   \                     ??EXTI_Init_6: (+1)
   \   000000C6   0x....             LDR.N    R0,??DataTable6  ;; 0x40010400
   \   000000C8   0x0005             MOVS     R5,R0
    160                tmp += EXTI_InitStruct->EXTI_Trigger;
   \   000000CA   0x7960             LDRB     R0,[R4, #+5]
   \   000000CC   0x1945             ADDS     R5,R0,R5
    161          
    162                *(__IO uint32_t *) tmp |= EXTI_InitStruct->EXTI_Line;
   \   000000CE   0x6828             LDR      R0,[R5, #+0]
   \   000000D0   0x6821             LDR      R1,[R4, #+0]
   \   000000D2   0x4308             ORRS     R0,R1,R0
   \   000000D4   0x6028             STR      R0,[R5, #+0]
   \   000000D6   0xE005             B.N      ??EXTI_Init_7
    163              }
    164            }
    165            else
    166            {
    167              tmp += EXTI_InitStruct->EXTI_Mode;
   \                     ??EXTI_Init_5: (+1)
   \   000000D8   0x7920             LDRB     R0,[R4, #+4]
   \   000000DA   0x1945             ADDS     R5,R0,R5
    168          
    169              /* Disable the selected external lines */
    170              *(__IO uint32_t *) tmp &= ~EXTI_InitStruct->EXTI_Line;
   \   000000DC   0x6828             LDR      R0,[R5, #+0]
   \   000000DE   0x6821             LDR      R1,[R4, #+0]
   \   000000E0   0x4388             BICS     R0,R0,R1
   \   000000E2   0x6028             STR      R0,[R5, #+0]
    171            }
    172          }
   \                     ??EXTI_Init_7: (+1)
   \   000000E4   0xBD31             POP      {R0,R4,R5,PC}    ;; return
    173          
    174          /**
    175            * @brief  Fills each EXTI_InitStruct member with its reset value.
    176            * @param  EXTI_InitStruct: pointer to a EXTI_InitTypeDef structure which will
    177            *   be initialized.
    178            * @retval None
    179            */

   \                                 In section .text, align 2, keep-with-next
    180          void EXTI_StructInit(EXTI_InitTypeDef* EXTI_InitStruct)
    181          {
    182            EXTI_InitStruct->EXTI_Line = EXTI_LINENONE;
   \                     EXTI_StructInit: (+1)
   \   00000000   0x2100             MOVS     R1,#+0
   \   00000002   0x6001             STR      R1,[R0, #+0]
    183            EXTI_InitStruct->EXTI_Mode = EXTI_Mode_Interrupt;
   \   00000004   0x2100             MOVS     R1,#+0
   \   00000006   0x7101             STRB     R1,[R0, #+4]
    184            EXTI_InitStruct->EXTI_Trigger = EXTI_Trigger_Falling;
   \   00000008   0x210C             MOVS     R1,#+12
   \   0000000A   0x7141             STRB     R1,[R0, #+5]
    185            EXTI_InitStruct->EXTI_LineCmd = DISABLE;
   \   0000000C   0x2100             MOVS     R1,#+0
   \   0000000E   0x7181             STRB     R1,[R0, #+6]
    186          }
   \   00000010   0x4770             BX       LR               ;; return
    187          
    188          /**
    189            * @brief  Generates a Software interrupt on selected EXTI line.
    190            * @param  EXTI_Line: specifies the EXTI line on which the software interrupt
    191            *         will be generated.
    192            *   This parameter can be any combination of EXTI_Linex where x can be (0..22).
    193            * @retval None
    194            */

   \                                 In section .text, align 2, keep-with-next
    195          void EXTI_GenerateSWInterrupt(uint32_t EXTI_Line)
    196          {
   \                     EXTI_GenerateSWInterrupt: (+1)
   \   00000000   0xB510             PUSH     {R4,LR}
   \   00000002   0x0004             MOVS     R4,R0
    197            /* Check the parameters */
    198            assert_param(IS_EXTI_LINE(EXTI_Line));
   \   00000004   0x0DE0             LSRS     R0,R4,#+23
   \   00000006   0x05C0             LSLS     R0,R0,#+23
   \   00000008   0x2800             CMP      R0,#+0
   \   0000000A   0xD101             BNE.N    ??EXTI_GenerateSWInterrupt_0
   \   0000000C   0x2C00             CMP      R4,#+0
   \   0000000E   0xD103             BNE.N    ??EXTI_GenerateSWInterrupt_1
   \                     ??EXTI_GenerateSWInterrupt_0: (+1)
   \   00000010   0x21C6             MOVS     R1,#+198
   \   00000012   0x....             LDR.N    R0,??DataTable6_6
   \   00000014   0x.... 0x....      BL       assert_failed
    199            
    200            EXTI->SWIER |= EXTI_Line;
   \                     ??EXTI_GenerateSWInterrupt_1: (+1)
   \   00000018   0x....             LDR.N    R0,??DataTable6_7  ;; 0x40010410
   \   0000001A   0x6800             LDR      R0,[R0, #+0]
   \   0000001C   0x4320             ORRS     R0,R4,R0
   \   0000001E   0x....             LDR.N    R1,??DataTable6_7  ;; 0x40010410
   \   00000020   0x6008             STR      R0,[R1, #+0]
    201          }
   \   00000022   0xBD10             POP      {R4,PC}          ;; return
    202          
    203          /**
    204            * @}
    205            */
    206          
    207          /** @defgroup EXTI_Group2 Interrupts and flags management functions
    208           *  @brief   Interrupts and flags management functions 
    209           *
    210          @verbatim   
    211           ===============================================================================
    212                            Interrupts and flags management functions
    213           ===============================================================================  
    214          
    215          @endverbatim
    216            * @{
    217            */
    218          
    219          /**
    220            * @brief  Checks whether the specified EXTI line flag is set or not.
    221            * @param  EXTI_Line: specifies the EXTI line flag to check.
    222            *   This parameter can be:
    223            *     @arg EXTI_Linex: External interrupt line x where x(0..22)
    224            * @retval The new state of EXTI_Line (SET or RESET).
    225            */

   \                                 In section .text, align 2, keep-with-next
    226          FlagStatus EXTI_GetFlagStatus(uint32_t EXTI_Line)
    227          {
   \                     EXTI_GetFlagStatus: (+1)
   \   00000000   0xB538             PUSH     {R3-R5,LR}
   \   00000002   0x0004             MOVS     R4,R0
    228            FlagStatus bitstatus = RESET;
   \   00000004   0x2500             MOVS     R5,#+0
    229            /* Check the parameters */
    230            assert_param(IS_GET_EXTI_LINE(EXTI_Line));
   \   00000006   0x2C01             CMP      R4,#+1
   \   00000008   0xD03E             BEQ.N    ??EXTI_GetFlagStatus_0
   \   0000000A   0x2C02             CMP      R4,#+2
   \   0000000C   0xD03C             BEQ.N    ??EXTI_GetFlagStatus_0
   \   0000000E   0x2C04             CMP      R4,#+4
   \   00000010   0xD03A             BEQ.N    ??EXTI_GetFlagStatus_0
   \   00000012   0x2C08             CMP      R4,#+8
   \   00000014   0xD038             BEQ.N    ??EXTI_GetFlagStatus_0
   \   00000016   0x2C10             CMP      R4,#+16
   \   00000018   0xD036             BEQ.N    ??EXTI_GetFlagStatus_0
   \   0000001A   0x2C20             CMP      R4,#+32
   \   0000001C   0xD034             BEQ.N    ??EXTI_GetFlagStatus_0
   \   0000001E   0x2C40             CMP      R4,#+64
   \   00000020   0xD032             BEQ.N    ??EXTI_GetFlagStatus_0
   \   00000022   0x2C80             CMP      R4,#+128
   \   00000024   0xD030             BEQ.N    ??EXTI_GetFlagStatus_0
   \   00000026   0xF5B4 0x7F80      CMP      R4,#+256
   \   0000002A   0xD02D             BEQ.N    ??EXTI_GetFlagStatus_0
   \   0000002C   0xF5B4 0x7F00      CMP      R4,#+512
   \   00000030   0xD02A             BEQ.N    ??EXTI_GetFlagStatus_0
   \   00000032   0xF5B4 0x6F80      CMP      R4,#+1024
   \   00000036   0xD027             BEQ.N    ??EXTI_GetFlagStatus_0
   \   00000038   0xF5B4 0x6F00      CMP      R4,#+2048
   \   0000003C   0xD024             BEQ.N    ??EXTI_GetFlagStatus_0
   \   0000003E   0xF5B4 0x5F80      CMP      R4,#+4096
   \   00000042   0xD021             BEQ.N    ??EXTI_GetFlagStatus_0
   \   00000044   0xF5B4 0x5F00      CMP      R4,#+8192
   \   00000048   0xD01E             BEQ.N    ??EXTI_GetFlagStatus_0
   \   0000004A   0xF5B4 0x4F80      CMP      R4,#+16384
   \   0000004E   0xD01B             BEQ.N    ??EXTI_GetFlagStatus_0
   \   00000050   0xF5B4 0x4F00      CMP      R4,#+32768
   \   00000054   0xD018             BEQ.N    ??EXTI_GetFlagStatus_0
   \   00000056   0xF5B4 0x3F80      CMP      R4,#+65536
   \   0000005A   0xD015             BEQ.N    ??EXTI_GetFlagStatus_0
   \   0000005C   0xF5B4 0x3F00      CMP      R4,#+131072
   \   00000060   0xD012             BEQ.N    ??EXTI_GetFlagStatus_0
   \   00000062   0xF5B4 0x2F80      CMP      R4,#+262144
   \   00000066   0xD00F             BEQ.N    ??EXTI_GetFlagStatus_0
   \   00000068   0xF5B4 0x2F00      CMP      R4,#+524288
   \   0000006C   0xD00C             BEQ.N    ??EXTI_GetFlagStatus_0
   \   0000006E   0xF5B4 0x1F80      CMP      R4,#+1048576
   \   00000072   0xD009             BEQ.N    ??EXTI_GetFlagStatus_0
   \   00000074   0xF5B4 0x1F00      CMP      R4,#+2097152
   \   00000078   0xD006             BEQ.N    ??EXTI_GetFlagStatus_0
   \   0000007A   0xF5B4 0x0F80      CMP      R4,#+4194304
   \   0000007E   0xD003             BEQ.N    ??EXTI_GetFlagStatus_0
   \   00000080   0x21E6             MOVS     R1,#+230
   \   00000082   0x....             LDR.N    R0,??DataTable6_6
   \   00000084   0x.... 0x....      BL       assert_failed
    231            
    232            if ((EXTI->PR & EXTI_Line) != (uint32_t)RESET)
   \                     ??EXTI_GetFlagStatus_0: (+1)
   \   00000088   0x....             LDR.N    R0,??DataTable6_5  ;; 0x40010414
   \   0000008A   0x6800             LDR      R0,[R0, #+0]
   \   0000008C   0x4220             TST      R0,R4
   \   0000008E   0xD002             BEQ.N    ??EXTI_GetFlagStatus_1
    233            {
    234              bitstatus = SET;
   \   00000090   0x2001             MOVS     R0,#+1
   \   00000092   0x0005             MOVS     R5,R0
   \   00000094   0xE001             B.N      ??EXTI_GetFlagStatus_2
    235            }
    236            else
    237            {
    238              bitstatus = RESET;
   \                     ??EXTI_GetFlagStatus_1: (+1)
   \   00000096   0x2000             MOVS     R0,#+0
   \   00000098   0x0005             MOVS     R5,R0
    239            }
    240            return bitstatus;
   \                     ??EXTI_GetFlagStatus_2: (+1)
   \   0000009A   0x0028             MOVS     R0,R5
   \   0000009C   0xB2C0             UXTB     R0,R0            ;; ZeroExt  R0,R0,#+24,#+24
   \   0000009E   0xBD32             POP      {R1,R4,R5,PC}    ;; return
    241          }
    242          
    243          /**
    244            * @brief  Clears the EXTI’s line pending flags.
    245            * @param  EXTI_Line: specifies the EXTI lines flags to clear.
    246            *   This parameter can be any combination of EXTI_Linex where x can be (0..22).
    247            * @retval None
    248            */

   \                                 In section .text, align 2, keep-with-next
    249          void EXTI_ClearFlag(uint32_t EXTI_Line)
    250          {
   \                     EXTI_ClearFlag: (+1)
   \   00000000   0xB510             PUSH     {R4,LR}
   \   00000002   0x0004             MOVS     R4,R0
    251            /* Check the parameters */
    252            assert_param(IS_EXTI_LINE(EXTI_Line));
   \   00000004   0x0DE0             LSRS     R0,R4,#+23
   \   00000006   0x05C0             LSLS     R0,R0,#+23
   \   00000008   0x2800             CMP      R0,#+0
   \   0000000A   0xD101             BNE.N    ??EXTI_ClearFlag_0
   \   0000000C   0x2C00             CMP      R4,#+0
   \   0000000E   0xD103             BNE.N    ??EXTI_ClearFlag_1
   \                     ??EXTI_ClearFlag_0: (+1)
   \   00000010   0x21FC             MOVS     R1,#+252
   \   00000012   0x....             LDR.N    R0,??DataTable6_6
   \   00000014   0x.... 0x....      BL       assert_failed
    253            
    254            EXTI->PR = EXTI_Line;
   \                     ??EXTI_ClearFlag_1: (+1)
   \   00000018   0x....             LDR.N    R0,??DataTable6_5  ;; 0x40010414
   \   0000001A   0x6004             STR      R4,[R0, #+0]
    255          }
   \   0000001C   0xBD10             POP      {R4,PC}          ;; return
    256          
    257          /**
    258            * @brief  Checks whether the specified EXTI line is asserted or not.
    259            * @param  EXTI_Line: specifies the EXTI line to check.
    260            *   This parameter can be:
    261            *     @arg EXTI_Linex: External interrupt line x where x(0..22)
    262            * @retval The new state of EXTI_Line (SET or RESET).
    263            */

   \                                 In section .text, align 2, keep-with-next
    264          ITStatus EXTI_GetITStatus(uint32_t EXTI_Line)
    265          {
   \                     EXTI_GetITStatus: (+1)
   \   00000000   0xB570             PUSH     {R4-R6,LR}
   \   00000002   0x0004             MOVS     R4,R0
    266            ITStatus bitstatus = RESET;
   \   00000004   0x2500             MOVS     R5,#+0
    267            uint32_t enablestatus = 0;
   \   00000006   0x2600             MOVS     R6,#+0
    268            /* Check the parameters */
    269            assert_param(IS_GET_EXTI_LINE(EXTI_Line));
   \   00000008   0x2C01             CMP      R4,#+1
   \   0000000A   0xD03F             BEQ.N    ??EXTI_GetITStatus_0
   \   0000000C   0x2C02             CMP      R4,#+2
   \   0000000E   0xD03D             BEQ.N    ??EXTI_GetITStatus_0
   \   00000010   0x2C04             CMP      R4,#+4
   \   00000012   0xD03B             BEQ.N    ??EXTI_GetITStatus_0
   \   00000014   0x2C08             CMP      R4,#+8
   \   00000016   0xD039             BEQ.N    ??EXTI_GetITStatus_0
   \   00000018   0x2C10             CMP      R4,#+16
   \   0000001A   0xD037             BEQ.N    ??EXTI_GetITStatus_0
   \   0000001C   0x2C20             CMP      R4,#+32
   \   0000001E   0xD035             BEQ.N    ??EXTI_GetITStatus_0
   \   00000020   0x2C40             CMP      R4,#+64
   \   00000022   0xD033             BEQ.N    ??EXTI_GetITStatus_0
   \   00000024   0x2C80             CMP      R4,#+128
   \   00000026   0xD031             BEQ.N    ??EXTI_GetITStatus_0
   \   00000028   0xF5B4 0x7F80      CMP      R4,#+256
   \   0000002C   0xD02E             BEQ.N    ??EXTI_GetITStatus_0
   \   0000002E   0xF5B4 0x7F00      CMP      R4,#+512
   \   00000032   0xD02B             BEQ.N    ??EXTI_GetITStatus_0
   \   00000034   0xF5B4 0x6F80      CMP      R4,#+1024
   \   00000038   0xD028             BEQ.N    ??EXTI_GetITStatus_0
   \   0000003A   0xF5B4 0x6F00      CMP      R4,#+2048
   \   0000003E   0xD025             BEQ.N    ??EXTI_GetITStatus_0
   \   00000040   0xF5B4 0x5F80      CMP      R4,#+4096
   \   00000044   0xD022             BEQ.N    ??EXTI_GetITStatus_0
   \   00000046   0xF5B4 0x5F00      CMP      R4,#+8192
   \   0000004A   0xD01F             BEQ.N    ??EXTI_GetITStatus_0
   \   0000004C   0xF5B4 0x4F80      CMP      R4,#+16384
   \   00000050   0xD01C             BEQ.N    ??EXTI_GetITStatus_0
   \   00000052   0xF5B4 0x4F00      CMP      R4,#+32768
   \   00000056   0xD019             BEQ.N    ??EXTI_GetITStatus_0
   \   00000058   0xF5B4 0x3F80      CMP      R4,#+65536
   \   0000005C   0xD016             BEQ.N    ??EXTI_GetITStatus_0
   \   0000005E   0xF5B4 0x3F00      CMP      R4,#+131072
   \   00000062   0xD013             BEQ.N    ??EXTI_GetITStatus_0
   \   00000064   0xF5B4 0x2F80      CMP      R4,#+262144
   \   00000068   0xD010             BEQ.N    ??EXTI_GetITStatus_0
   \   0000006A   0xF5B4 0x2F00      CMP      R4,#+524288
   \   0000006E   0xD00D             BEQ.N    ??EXTI_GetITStatus_0
   \   00000070   0xF5B4 0x1F80      CMP      R4,#+1048576
   \   00000074   0xD00A             BEQ.N    ??EXTI_GetITStatus_0
   \   00000076   0xF5B4 0x1F00      CMP      R4,#+2097152
   \   0000007A   0xD007             BEQ.N    ??EXTI_GetITStatus_0
   \   0000007C   0xF5B4 0x0F80      CMP      R4,#+4194304
   \   00000080   0xD004             BEQ.N    ??EXTI_GetITStatus_0
   \   00000082   0xF240 0x110D      MOVW     R1,#+269
   \   00000086   0x....             LDR.N    R0,??DataTable6_6
   \   00000088   0x.... 0x....      BL       assert_failed
    270            
    271            enablestatus =  EXTI->IMR & EXTI_Line;
   \                     ??EXTI_GetITStatus_0: (+1)
   \   0000008C   0x....             LDR.N    R0,??DataTable6  ;; 0x40010400
   \   0000008E   0x6800             LDR      R0,[R0, #+0]
   \   00000090   0x4020             ANDS     R0,R4,R0
   \   00000092   0x0006             MOVS     R6,R0
    272            if (((EXTI->PR & EXTI_Line) != (uint32_t)RESET) && (enablestatus != (uint32_t)RESET))
   \   00000094   0x....             LDR.N    R0,??DataTable6_5  ;; 0x40010414
   \   00000096   0x6800             LDR      R0,[R0, #+0]
   \   00000098   0x4220             TST      R0,R4
   \   0000009A   0xD004             BEQ.N    ??EXTI_GetITStatus_1
   \   0000009C   0x2E00             CMP      R6,#+0
   \   0000009E   0xD002             BEQ.N    ??EXTI_GetITStatus_1
    273            {
    274              bitstatus = SET;
   \   000000A0   0x2001             MOVS     R0,#+1
   \   000000A2   0x0005             MOVS     R5,R0
   \   000000A4   0xE001             B.N      ??EXTI_GetITStatus_2
    275            }
    276            else
    277            {
    278              bitstatus = RESET;
   \                     ??EXTI_GetITStatus_1: (+1)
   \   000000A6   0x2000             MOVS     R0,#+0
   \   000000A8   0x0005             MOVS     R5,R0
    279            }
    280            return bitstatus;
   \                     ??EXTI_GetITStatus_2: (+1)
   \   000000AA   0x0028             MOVS     R0,R5
   \   000000AC   0xB2C0             UXTB     R0,R0            ;; ZeroExt  R0,R0,#+24,#+24
   \   000000AE   0xBD70             POP      {R4-R6,PC}       ;; return
    281          }
    282          
    283          /**
    284            * @brief  Clears the EXTI’s line pending bits.
    285            * @param  EXTI_Line: specifies the EXTI lines to clear.
    286            *   This parameter can be any combination of EXTI_Linex where x can be (0..22).
    287            * @retval None
    288            */

   \                                 In section .text, align 2, keep-with-next
    289          void EXTI_ClearITPendingBit(uint32_t EXTI_Line)
    290          {
   \                     EXTI_ClearITPendingBit: (+1)
   \   00000000   0xB510             PUSH     {R4,LR}
   \   00000002   0x0004             MOVS     R4,R0
    291            /* Check the parameters */
    292            assert_param(IS_EXTI_LINE(EXTI_Line));
   \   00000004   0x0DE0             LSRS     R0,R4,#+23
   \   00000006   0x05C0             LSLS     R0,R0,#+23
   \   00000008   0x2800             CMP      R0,#+0
   \   0000000A   0xD101             BNE.N    ??EXTI_ClearITPendingBit_0
   \   0000000C   0x2C00             CMP      R4,#+0
   \   0000000E   0xD104             BNE.N    ??EXTI_ClearITPendingBit_1
   \                     ??EXTI_ClearITPendingBit_0: (+1)
   \   00000010   0xF44F 0x7192      MOV      R1,#+292
   \   00000014   0x....             LDR.N    R0,??DataTable6_6
   \   00000016   0x.... 0x....      BL       assert_failed
    293            
    294            EXTI->PR = EXTI_Line;
   \                     ??EXTI_ClearITPendingBit_1: (+1)
   \   0000001A   0x....             LDR.N    R0,??DataTable6_5  ;; 0x40010414
   \   0000001C   0x6004             STR      R4,[R0, #+0]
    295          }
   \   0000001E   0xBD10             POP      {R4,PC}          ;; return

   \                                 In section .text, align 4, keep-with-next
   \                     ??DataTable6:
   \   00000000   0x40010400         DC32     0x40010400

   \                                 In section .text, align 4, keep-with-next
   \                     ??DataTable6_1:
   \   00000000   0x40010404         DC32     0x40010404

   \                                 In section .text, align 4, keep-with-next
   \                     ??DataTable6_2:
   \   00000000   0x40010408         DC32     0x40010408

   \                                 In section .text, align 4, keep-with-next
   \                     ??DataTable6_3:
   \   00000000   0x4001040C         DC32     0x4001040c

   \                                 In section .text, align 4, keep-with-next
   \                     ??DataTable6_4:
   \   00000000   0x007FFFFF         DC32     0x7fffff

   \                                 In section .text, align 4, keep-with-next
   \                     ??DataTable6_5:
   \   00000000   0x40010414         DC32     0x40010414

   \                                 In section .text, align 4, keep-with-next
   \                     ??DataTable6_6:
   \   00000000   0x........         DC32     ?_0

   \                                 In section .text, align 4, keep-with-next
   \                     ??DataTable6_7:
   \   00000000   0x40010410         DC32     0x40010410

   \                                 In section .rodata, align 4
   \                     ?_0:
   \   00000000   0x45 0x3A          DC8 45H, 3AH, 5CH, 41H, 43H, 51H, 5CH, 50H
   \              0x5C 0x41    
   \              0x43 0x51    
   \              0x5C 0x50    
   \   00000008   0x72 0x6F          DC8 72H, 6FH, 6AH, 5FH, 76H, 65H, 72H, 30H
   \              0x6A 0x5F    
   \              0x76 0x65    
   \              0x72 0x30    
   \   00000010   0x39 0x61          DC8 39H, 61H, 5FH, 31H, 35H, 31H, 30H, 32H
   \              0x5F 0x31    
   \              0x35 0x31    
   \              0x30 0x32    
   \   00000018   0x30 0x31          DC8 30H, 31H, 35H, 5CH, 42H, 61H, 73H, 65H
   \              0x35 0x5C    
   \              0x42 0x61    
   \              0x73 0x65    
   \   00000020   0x5F 0x30          DC8 5FH, 30H, 32H, 5CH, 32H, 30H, 31H, 33H
   \              0x32 0x5C    
   \              0x32 0x30    
   \              0x31 0x33    
   \   00000028   0x5F 0x31          DC8 5FH, 31H, 31H, 5FH, 32H, 35H, 5FH, 53H
   \              0x31 0x5F    
   \              0x32 0x35    
   \              0x5F 0x53    
   \   00000030   0x70 0x69          DC8 70H, 69H, 72H, 69H, 74H, 31H, 5FH, 45H
   \              0x72 0x69    
   \              0x74 0x31    
   \              0x5F 0x45    
   \   00000038   0x6C 0x65          DC8 6CH, 65H, 6BH, 74H, 72H, 6FH, 6CH, 75H
   \              0x6B 0x74    
   \              0x72 0x6F    
   \              0x6C 0x75    
   \   00000040   0x78 0x5C          DC8 78H, 5CH, 53H, 54H, 4DH, 33H, 32H, 4CH
   \              0x53 0x54    
   \              0x4D 0x33    
   \              0x32 0x4C    
   \   00000048   0x5C 0x53          DC8 5CH, 53H, 54H, 4DH, 33H, 32H, 4CH, 31H
   \              0x54 0x4D    
   \              0x33 0x32    
   \              0x4C 0x31    
   \   00000050   0x78 0x78          DC8 78H, 78H, 5FH, 53H, 74H, 64H, 50H, 65H
   \              0x5F 0x53    
   \              0x74 0x64    
   \              0x50 0x65    
   \   00000058   0x72 0x69          DC8 72H, 69H, 70H, 68H, 5FH, 4CH, 69H, 62H
   \              0x70 0x68    
   \              0x5F 0x4C    
   \              0x69 0x62    
   \   00000060   0x5C 0x53          DC8 5CH, 53H, 6FH, 75H, 72H, 63H, 65H, 5CH
   \              0x6F 0x75    
   \              0x72 0x63    
   \              0x65 0x5C    
   \   00000068   0x53 0x54          DC8 53H, 54H, 4DH, 33H, 32H, 4CH, 31H, 78H
   \              0x4D 0x33    
   \              0x32 0x4C    
   \              0x31 0x78    
   \   00000070   0x78 0x5F          DC8 78H, 5FH, 53H, 74H, 64H, 50H, 65H, 72H
   \              0x53 0x74    
   \              0x64 0x50    
   \              0x65 0x72    
   \   00000078   0x69 0x70          DC8 69H, 70H, 68H, 5FH, 44H, 72H, 69H, 76H
   \              0x68 0x5F    
   \              0x44 0x72    
   \              0x69 0x76    
   \   00000080   0x65 0x72          DC8 65H, 72H, 5CH, 73H, 72H, 63H, 5CH, 73H
   \              0x5C 0x73    
   \              0x72 0x63    
   \              0x5C 0x73    
   \   00000088   0x74 0x6D          DC8 74H, 6DH, 33H, 32H, 6CH, 31H, 78H, 78H
   \              0x33 0x32    
   \              0x6C 0x31    
   \              0x78 0x78    
   \   00000090   0x5F 0x65          DC8 5FH, 65H, 78H, 74H, 69H, 2EH, 63H, 0
   \              0x78 0x74    
   \              0x69 0x2E    
   \              0x63 0x00    
    296          
    297          /**
    298            * @}
    299            */
    300          
    301          /**
    302            * @}
    303            */
    304          
    305          /**
    306            * @}
    307            */
    308          
    309          /**
    310            * @}
    311            */
    312          
    313          /******************* (C) COPYRIGHT 2010 STMicroelectronics *****END OF FILE****/

   Maximum stack usage in bytes:

   .cstack Function
   ------- --------
       8   EXTI_ClearFlag
         8   -> assert_failed
       8   EXTI_ClearITPendingBit
         8   -> assert_failed
       0   EXTI_DeInit
       8   EXTI_GenerateSWInterrupt
         8   -> assert_failed
      16   EXTI_GetFlagStatus
        16   -> assert_failed
      16   EXTI_GetITStatus
        16   -> assert_failed
      16   EXTI_Init
        16   -> assert_failed
       0   EXTI_StructInit


   Section sizes:

   Bytes  Function/Label
   -----  --------------
       4  ??DataTable6
       4  ??DataTable6_1
       4  ??DataTable6_2
       4  ??DataTable6_3
       4  ??DataTable6_4
       4  ??DataTable6_5
       4  ??DataTable6_6
       4  ??DataTable6_7
     152  ?_0
      30  EXTI_ClearFlag
      32  EXTI_ClearITPendingBit
      32  EXTI_DeInit
      36  EXTI_GenerateSWInterrupt
     160  EXTI_GetFlagStatus
     176  EXTI_GetITStatus
     230  EXTI_Init
      18  EXTI_StructInit

 
 152 bytes in section .rodata
 746 bytes in section .text
 
 746 bytes of CODE  memory
 152 bytes of CONST memory

Errors: none
Warnings: none
